#
# A fatal error has been detected by the Java Runtime Environment:
#
#  EXCEPTION_ACCESS_VIOLATION (0xc0000005) at pc=0x0000000074e5e9eb, pid=2064, tid=0x0000000000000e68
#
# JRE version: OpenJDK Runtime Environment (8.0_112-b06) (build 1.8.0_112-release-b06)
# Java VM: OpenJDK 64-Bit Server VM (25.112-b06 mixed mode windows-amd64 compressed oops)
# Problematic frame:
# V  [jvm.dll+0xee9eb]
#
# Failed to write core dump. Minidumps are not enabled by default on client versions of Windows
#
# If you would like to submit a bug report, please visit:
#   http://bugreport.java.com/bugreport/crash.jsp
#

---------------  T H R E A D  ---------------

Current thread (0x0000000002130000):  GCTaskThread [stack: 0x0000000012190000,0x0000000012290000] [id=3688]

siginfo: ExceptionCode=0xc0000005, reading address 0x000000000049007b

Registers:
RAX=0x00000000124f0000, RBX=0x00000000c01ce720, RCX=0x0000000000000000, RDX=0x0000000000000001
RSP=0x000000001228f660, RBP=0x00000000c2673f80, RSI=0x0000000055016150, RDI=0x0000000055016150
R8 =0x0000000000490073, R9 =0x00000000146f87b8, R10=0x000000000000000c, R11=0x0000000075334c58
R12=0x00000000c2673fa8, R13=0x00000000146f8bf8, R14=0x00000000146f8c00, R15=0x00000000c2673f50
RIP=0x0000000074e5e9eb, EFLAGS=0x0000000000010202

Top of Stack: (sp=0x000000001228f660)
0x000000001228f660:   00000000146f87b8 0000000055016150
0x000000001228f670:   00000000c2673f3c 0000000074f64c82
0x000000001228f680:   0000000000000000 00000000021309d0
0x000000001228f690:   000000000212e220 0000000000000002
0x000000001228f6a0:   0000000000000002 0000000075131fc0
0x000000001228f6b0:   0000000000000002 0000000000000000
0x000000001228f6c0:   0000000055016150 0000000075380fe8
0x000000001228f6d0:   00000000c26741a0 0000000075135ef8
0x000000001228f6e0:   00000000755318f0 0000000000000003
0x000000001228f6f0:   0000000000000000 0000005800000eb5
0x000000001228f700:   00000000c2673e7c 0000000074e5ea86
0x000000001228f710:   00000000c26741a0 000000000212e220
0x000000001228f720:   00000000021309e0 00000000021309d0
0x000000001228f730:   0000000075380fe8 0000000000000002
0x000000001228f740:   000000005dc757a0 0000000000000000
0x000000001228f750:   0000000055016150 000000007512f95f 

Instructions: (pc=0x0000000074e5e9eb)
0x0000000074e5e9cb:   6c 00 84 d2 74 16 44 8b 43 08 8b 0d 7d 9c 66 00
0x0000000074e5e9db:   49 d3 e0 4c 03 05 6b 9c 66 00 eb 04 4c 8b 43 08
0x0000000074e5e9eb:   45 8b 48 08 45 85 c9 7e 0c 41 f6 c1 01 75 4b 41
0x0000000074e5e9fb:   c1 f9 03 eb 57 79 43 84 d2 41 8b c9 b8 10 00 00 


Register to memory mapping:

RAX=0x00000000124f0000 is an unknown value
RBX=0x00000000c01ce720 is pointing into object: 0x00000000c01ce6d8
[C 
 - klass: {type array char}
 - length: 84
RCX=0x0000000000000000 is an unknown value
RDX=0x0000000000000001 is an unknown value
RSP=0x000000001228f660 is an unknown value
RBP=0x00000000c2673f80 is pointing into object: 0x00000000c2673f50
java.lang.reflect.Method 
 - klass: 'java/lang/reflect/Method'
RSI=0x0000000055016150 is an unknown value
RDI=0x0000000055016150 is an unknown value
R8 =0x0000000000490073 is an unknown value
R9 =0x00000000146f87b8 is pointing into metadata
R10=0x000000000000000c is an unknown value
R11=0x0000000075334c58 is an unknown value
R12=0x00000000c2673fa8 is an oop
sun.reflect.generics.repository.MethodRepository 
 - klass: 'sun/reflect/generics/repository/MethodRepository'
R13=0x00000000146f8bf8 is pointing into metadata
R14=0x00000000146f8c00 is pointing into metadata
R15=0x00000000c2673f50 is an oop
java.lang.reflect.Method 
 - klass: 'java/lang/reflect/Method'


Stack: [0x0000000012190000,0x0000000012290000],  sp=0x000000001228f660,  free space=1021k
Native frames: (J=compiled Java code, j=interpreted, Vv=VM code, C=native code)
V  [jvm.dll+0xee9eb]
V  [jvm.dll+0x3c1fc0]
V  [jvm.dll+0x3bf95f]
V  [jvm.dll+0x3bce6e]
V  [jvm.dll+0x26c13a]
C  [msvcr100.dll+0x21d9f]
C  [msvcr100.dll+0x21e3b]
C  [kernel32.dll+0x1f56d]
C  [ntdll.dll+0x33281]


---------------  P R O C E S S  ---------------

Java Threads: ( => current thread )
  0x00000000576a3000 JavaThread "Stdin handler" [_thread_blocked, id=3972, stack(0x000000005f9d0000,0x000000005fad0000)]
  0x00000000576a2000 JavaThread "Asynchronous log dispatcher for org.gradle.launcher.daemon.server.DefaultDaemonConnection@6e791965" [_thread_blocked, id=2904, stack(0x0000000059750000,0x0000000059850000)]
  0x00000000576a1800 JavaThread "Daemon worker Thread 2" [_thread_blocked, id=4048, stack(0x0000000059890000,0x0000000059990000)]
  0x00000000576a0800 JavaThread "Cancel handler" [_thread_blocked, id=2728, stack(0x00000000590b0000,0x00000000591b0000)]
  0x00000000576a0000 JavaThread "Handler for socket connection from /127.0.0.1:49172 to /127.0.0.1:49233" [_thread_in_native, id=3768, stack(0x00000000595b0000,0x00000000596b0000)]
  0x000000005769f000 JavaThread "Daemon Thread 2" [_thread_blocked, id=864, stack(0x0000000059460000,0x0000000059560000)]
  0x000000005ad55000 JavaThread "pool-5-thread-2" [_thread_blocked, id=2540, stack(0x0000000061210000,0x0000000061310000)]
  0x000000005ad54800 JavaThread "pool-5-thread-1" [_thread_blocked, id=1056, stack(0x0000000061080000,0x0000000061180000)]
  0x000000005b2bb000 JavaThread "File lock request listener" [_thread_in_native, id=2348, stack(0x000000005d150000,0x000000005d250000)]
  0x0000000058260000 JavaThread "pool-1-thread-1" [_thread_blocked, id=2556, stack(0x00000000591c0000,0x00000000592c0000)]
  0x0000000058096000 JavaThread "Incoming local TCP Connector on port 49172" [_thread_in_native, id=2936, stack(0x0000000058d40000,0x0000000058e40000)]
  0x00000000564a0000 JavaThread "Service Thread" daemon [_thread_blocked, id=3540, stack(0x00000000570d0000,0x00000000571d0000)]
  0x000000005643b800 JavaThread "C1 CompilerThread2" daemon [_thread_blocked, id=3968, stack(0x0000000056fa0000,0x00000000570a0000)]
  0x0000000056436000 JavaThread "C2 CompilerThread1" daemon [_thread_blocked, id=2116, stack(0x0000000056d60000,0x0000000056e60000)]
  0x0000000056430800 JavaThread "C2 CompilerThread0" daemon [_thread_blocked, id=3960, stack(0x0000000056c20000,0x0000000056d20000)]
  0x00000000550e2000 JavaThread "Attach Listener" daemon [_thread_blocked, id=3956, stack(0x00000000568c0000,0x00000000569c0000)]
  0x00000000550e0800 JavaThread "Signal Dispatcher" daemon [_thread_blocked, id=3136, stack(0x00000000569d0000,0x0000000056ad0000)]
  0x00000000550cb800 JavaThread "Finalizer" daemon [_thread_blocked, id=1564, stack(0x0000000056330000,0x0000000056430000)]
  0x0000000055082800 JavaThread "Reference Handler" daemon [_thread_blocked, id=192, stack(0x00000000561f0000,0x00000000562f0000)]
  0x000000000224f000 JavaThread "main" [_thread_blocked, id=3244, stack(0x00000000022f0000,0x00000000023f0000)]

Other Threads:
  0x000000005507b000 VMThread [stack: 0x0000000056050000,0x0000000056150000] [id=2652]
  0x00000000564a1000 WatcherThread [stack: 0x0000000057240000,0x0000000057340000] [id=2380]

=>0x0000000002130000 (exited) GCTaskThread [stack: 0x0000000012190000,0x0000000012290000] [id=3688]

VM state:at safepoint (normal execution)

VM Mutex/Monitor currently owned by a thread:  ([mutex/lock_event])
[0x000000000224cfe0] Threads_lock - owner thread: 0x000000005507b000
[0x000000000224d4e0] Heap_lock - owner thread: 0x00000000576a1800

Heap:
 PSYoungGen      total 228864K, used 5883K [0x00000000eab00000, 0x00000000fbf00000, 0x0000000100000000)
  eden space 208384K, 0% used [0x00000000eab00000,0x00000000eab00000,0x00000000f7680000)
  from space 20480K, 28% used [0x00000000f7680000,0x00000000f7c3ef40,0x00000000f8a80000)
  to   space 20480K, 0% used [0x00000000fab00000,0x00000000fab00000,0x00000000fbf00000)
 ParOldGen       total 73216K, used 62215K [0x00000000c0000000, 0x00000000c4780000, 0x00000000eab00000)
  object space 73216K, 84% used [0x00000000c0000000,0x00000000c3cc1cf8,0x00000000c4780000)
 Metaspace       used 64604K, capacity 67464K, committed 67632K, reserved 1107968K
  class space    used 8601K, capacity 9167K, committed 9264K, reserved 1048576K

Card table byte_map: [0x0000000011a80000,0x0000000011c90000] byte_map_base: 0x0000000011480000

Marking Bits: (ParMarkBitMap*) 0x00000000755318f0
 Begin Bits: [0x00000000124f0000, 0x00000000134f0000)
 End Bits:   [0x00000000134f0000, 0x00000000144f0000)

Polling page: 0x0000000000230000

CodeCache: size=245760Kb used=34287Kb max_used=36064Kb free=211472Kb
 bounds [0x00000000026c0000, 0x0000000004a20000, 0x00000000116c0000]
 total_blobs=10387 nmethods=9650 adapters=650
 compilation: enabled

Compilation events (10 events):
Event: 284.940 Thread 0x0000000056430800 nmethod 11693 0x00000000032c4810 code [0x00000000032c4940, 0x00000000032c49d8]
Event: 284.945 Thread 0x000000005643b800 11695       3       org.apache.xerces.impl.dtd.XMLDTDValidator::xmlDecl (47 bytes)
Event: 284.945 Thread 0x000000005643b800 nmethod 11695 0x00000000042f53d0 code [0x00000000042f5560, 0x00000000042f59d8]
Event: 284.945 Thread 0x000000005643b800 11696       3       org.apache.xerces.parsers.AbstractDOMParser::xmlDecl (84 bytes)
Event: 284.946 Thread 0x000000005643b800 nmethod 11696 0x000000000429d110 code [0x000000000429d2e0, 0x000000000429dc18]
Event: 284.946 Thread 0x000000005643b800 11697       3       org.apache.xerces.dom.CoreDocumentImpl::setXmlVersion (93 bytes)
Event: 284.947 Thread 0x000000005643b800 nmethod 11697 0x00000000039cf110 code [0x00000000039cf300, 0x00000000039cfcc8]
Event: 284.953 Thread 0x000000005643b800 11698       3       org.gradle.internal.resolve.result.DefaultBuildableComponentResolveResult::getMetaData (9 bytes)
Event: 284.953 Thread 0x000000005643b800 nmethod 11698 0x000000000438fe10 code [0x000000000438ffa0, 0x0000000004390408]
Event: 284.980 Thread 0x000000005643b800 11703       3       org.gradle.internal.resource.transport.file.FileResourceConnector::getResource (31 bytes)

GC Heap History (10 events):
Event: 42.770 GC heap after
Heap after GC invocations=18 (full 3):
 PSYoungGen      total 157696K, used 0K [0x00000000eab00000, 0x00000000f6480000, 0x0000000100000000)
  eden space 142848K, 0% used [0x00000000eab00000,0x00000000eab00000,0x00000000f3680000)
  from space 14848K, 0% used [0x00000000f3680000,0x00000000f3680000,0x00000000f4500000)
  to   space 20992K, 0% used [0x00000000f5000000,0x00000000f5000000,0x00000000f6480000)
 ParOldGen       total 73216K, used 40419K [0x00000000c0000000, 0x00000000c4780000, 0x00000000eab00000)
  object space 73216K, 55% used [0x00000000c0000000,0x00000000c2778cd0,0x00000000c4780000)
 Metaspace       used 52974K, capacity 54952K, committed 55088K, reserved 1097728K
  class space    used 7272K, capacity 7689K, committed 7728K, reserved 1048576K
}
Event: 80.970 GC heap before
{Heap before GC invocations=19 (full 3):
 PSYoungGen      total 157696K, used 142848K [0x00000000eab00000, 0x00000000f6480000, 0x0000000100000000)
  eden space 142848K, 100% used [0x00000000eab00000,0x00000000f3680000,0x00000000f3680000)
  from space 14848K, 0% used [0x00000000f3680000,0x00000000f3680000,0x00000000f4500000)
  to   space 20992K, 0% used [0x00000000f5000000,0x00000000f5000000,0x00000000f6480000)
 ParOldGen       total 73216K, used 40419K [0x00000000c0000000, 0x00000000c4780000, 0x00000000eab00000)
  object space 73216K, 55% used [0x00000000c0000000,0x00000000c2778cd0,0x00000000c4780000)
 Metaspace       used 54994K, capacity 57274K, committed 57392K, reserved 1099776K
  class space    used 7478K, capacity 7924K, committed 7984K, reserved 1048576K
Event: 81.434 GC heap after
Heap after GC invocations=19 (full 3):
 PSYoungGen      total 168960K, used 3229K [0x00000000eab00000, 0x00000000fa400000, 0x0000000100000000)
  eden space 147968K, 0% used [0x00000000eab00000,0x00000000eab00000,0x00000000f3b80000)
  from space 20992K, 15% used [0x00000000f5000000,0x00000000f53277a0,0x00000000f6480000)
  to   space 20992K, 0% used [0x00000000f3b80000,0x00000000f3b80000,0x00000000f5000000)
 ParOldGen       total 73216K, used 40427K [0x00000000c0000000, 0x00000000c4780000, 0x00000000eab00000)
  object space 73216K, 55% used [0x00000000c0000000,0x00000000c277acd0,0x00000000c4780000)
 Metaspace       used 54994K, capacity 57274K, committed 57392K, reserved 1099776K
  class space    used 7478K, capacity 7924K, committed 7984K, reserved 1048576K
}
Event: 99.910 GC heap before
{Heap before GC invocations=20 (full 3):
 PSYoungGen      total 168960K, used 151197K [0x00000000eab00000, 0x00000000fa400000, 0x0000000100000000)
  eden space 147968K, 100% used [0x00000000eab00000,0x00000000f3b80000,0x00000000f3b80000)
  from space 20992K, 15% used [0x00000000f5000000,0x00000000f53277a0,0x00000000f6480000)
  to   space 20992K, 0% used [0x00000000f3b80000,0x00000000f3b80000,0x00000000f5000000)
 ParOldGen       total 73216K, used 40427K [0x00000000c0000000, 0x00000000c4780000, 0x00000000eab00000)
  object space 73216K, 55% used [0x00000000c0000000,0x00000000c277acd0,0x00000000c4780000)
 Metaspace       used 60311K, capacity 62912K, committed 63024K, reserved 1103872K
  class space    used 8170K, capacity 8681K, committed 8752K, reserved 1048576K
Event: 99.928 GC heap after
Heap after GC invocations=20 (full 3):
 PSYoungGen      total 168960K, used 11539K [0x00000000eab00000, 0x00000000fa600000, 0x0000000100000000)
  eden space 147968K, 0% used [0x00000000eab00000,0x00000000eab00000,0x00000000f3b80000)
  from space 20992K, 54% used [0x00000000f3b80000,0x00000000f46c4e48,0x00000000f5000000)
  to   space 20480K, 0% used [0x00000000f9200000,0x00000000f9200000,0x00000000fa600000)
 ParOldGen       total 73216K, used 41795K [0x00000000c0000000, 0x00000000c4780000, 0x00000000eab00000)
  object space 73216K, 57% used [0x00000000c0000000,0x00000000c28d0d48,0x00000000c4780000)
 Metaspace       used 60311K, capacity 62912K, committed 63024K, reserved 1103872K
  class space    used 8170K, capacity 8681K, committed 8752K, reserved 1048576K
}
Event: 103.519 GC heap before
{Heap before GC invocations=21 (full 3):
 PSYoungGen      total 168960K, used 159507K [0x00000000eab00000, 0x00000000fa600000, 0x0000000100000000)
  eden space 147968K, 100% used [0x00000000eab00000,0x00000000f3b80000,0x00000000f3b80000)
  from space 20992K, 54% used [0x00000000f3b80000,0x00000000f46c4e48,0x00000000f5000000)
  to   space 20480K, 0% used [0x00000000f9200000,0x00000000f9200000,0x00000000fa600000)
 ParOldGen       total 73216K, used 41795K [0x00000000c0000000, 0x00000000c4780000, 0x00000000eab00000)
  object space 73216K, 57% used [0x00000000c0000000,0x00000000c28d0d48,0x00000000c4780000)
 Metaspace       used 62392K, capacity 64960K, committed 65200K, reserved 1105920K
  class space    used 8280K, capacity 8809K, committed 8880K, reserved 1048576K
Event: 103.565 GC heap after
Heap after GC invocations=21 (full 3):
 PSYoungGen      total 203776K, used 12574K [0x00000000eab00000, 0x00000000f9e80000, 0x0000000100000000)
  eden space 190976K, 0% used [0x00000000eab00000,0x00000000eab00000,0x00000000f6580000)
  from space 12800K, 98% used [0x00000000f9200000,0x00000000f9e47ac0,0x00000000f9e80000)
  to   space 20480K, 0% used [0x00000000f7680000,0x00000000f7680000,0x00000000f8a80000)
 ParOldGen       total 73216K, used 50396K [0x00000000c0000000, 0x00000000c4780000, 0x00000000eab00000)
  object space 73216K, 68% used [0x00000000c0000000,0x00000000c3137230,0x00000000c4780000)
 Metaspace       used 62392K, capacity 64960K, committed 65200K, reserved 1105920K
  class space    used 8280K, capacity 8809K, committed 8880K, reserved 1048576K
}
Event: 284.993 GC heap before
{Heap before GC invocations=22 (full 3):
 PSYoungGen      total 203776K, used 203550K [0x00000000eab00000, 0x00000000f9e80000, 0x0000000100000000)
  eden space 190976K, 100% used [0x00000000eab00000,0x00000000f6580000,0x00000000f6580000)
  from space 12800K, 98% used [0x00000000f9200000,0x00000000f9e47ac0,0x00000000f9e80000)
  to   space 20480K, 0% used [0x00000000f7680000,0x00000000f7680000,0x00000000f8a80000)
 ParOldGen       total 73216K, used 50396K [0x00000000c0000000, 0x00000000c4780000, 0x00000000eab00000)
  object space 73216K, 68% used [0x00000000c0000000,0x00000000c3137230,0x00000000c4780000)
 Metaspace       used 64604K, capacity 67464K, committed 67632K, reserved 1107968K
  class space    used 8601K, capacity 9167K, committed 9264K, reserved 1048576K
Event: 285.123 GC heap after
Heap after GC invocations=22 (full 3):
 PSYoungGen      total 228864K, used 5883K [0x00000000eab00000, 0x00000000fbf00000, 0x0000000100000000)
  eden space 208384K, 0% used [0x00000000eab00000,0x00000000eab00000,0x00000000f7680000)
  from space 20480K, 28% used [0x00000000f7680000,0x00000000f7c3ef40,0x00000000f8a80000)
  to   space 20480K, 0% used [0x00000000fab00000,0x00000000fab00000,0x00000000fbf00000)
 ParOldGen       total 73216K, used 62215K [0x00000000c0000000, 0x00000000c4780000, 0x00000000eab00000)
  object space 73216K, 84% used [0x00000000c0000000,0x00000000c3cc1cf8,0x00000000c4780000)
 Metaspace       used 64604K, capacity 67464K, committed 67632K, reserved 1107968K
  class space    used 8601K, capacity 9167K, committed 9264K, reserved 1048576K
}
Event: 285.123 GC heap before
{Heap before GC invocations=23 (full 4):
 PSYoungGen      total 228864K, used 5883K [0x00000000eab00000, 0x00000000fbf00000, 0x0000000100000000)
  eden space 208384K, 0% used [0x00000000eab00000,0x00000000eab00000,0x00000000f7680000)
  from space 20480K, 28% used [0x00000000f7680000,0x00000000f7c3ef40,0x00000000f8a80000)
  to   space 20480K, 0% used [0x00000000fab00000,0x00000000fab00000,0x00000000fbf00000)
 ParOldGen       total 73216K, used 62215K [0x00000000c0000000, 0x00000000c4780000, 0x00000000eab00000)
  object space 73216K, 84% used [0x00000000c0000000,0x00000000c3cc1cf8,0x00000000c4780000)
 Metaspace       used 64604K, capacity 67464K, committed 67632K, reserved 1107968K
  class space    used 8601K, capacity 9167K, committed 9264K, reserved 1048576K

Deoptimization events (10 events):
Event: 110.487 Thread 0x00000000582a3000 Uncommon trap: reason=class_check action=maybe_recompile pc=0x0000000002e56ad0 method=java.util.zip.InflaterInputStream.read([BII)I @ 100
Event: 111.214 Thread 0x00000000582a3000 Uncommon trap: reason=bimorphic action=maybe_recompile pc=0x00000000034dc7ac method=java.util.AbstractList$Itr.next()Ljava/lang/Object; @ 14
Event: 111.252 Thread 0x00000000582a3000 Uncommon trap: reason=bimorphic action=maybe_recompile pc=0x00000000034dc7ac method=java.util.AbstractList$Itr.next()Ljava/lang/Object; @ 14
Event: 111.320 Thread 0x00000000582a3000 Uncommon trap: reason=bimorphic action=maybe_recompile pc=0x0000000002e61b90 method=sun.security.provider.DigestBase.engineUpdate([BII)V @ 128
Event: 111.436 Thread 0x00000000582a3000 Uncommon trap: reason=class_check action=maybe_recompile pc=0x0000000002e6742c method=com.android.builder.internal.packaging.zip.ZipField.checkVerifiesInvariants(J)V @ 25
Event: 111.462 Thread 0x00000000582a3000 Uncommon trap: reason=class_check action=maybe_recompile pc=0x0000000002e6742c method=com.android.builder.internal.packaging.zip.ZipField.checkVerifiesInvariants(J)V @ 25
Event: 111.555 Thread 0x00000000582a3000 Uncommon trap: reason=class_check action=maybe_recompile pc=0x0000000003dacf94 method=java.util.HashMap.removeNode(ILjava/lang/Object;Ljava/lang/Object;ZZ)Ljava/util/HashMap$Node; @ 143
Event: 121.547 Thread 0x0000000058260000 Uncommon trap: reason=speculate_class_check action=maybe_recompile pc=0x0000000003b832c4 method=java.util.AbstractList.listIterator()Ljava/util/ListIterator; @ 2
Event: 181.524 Thread 0x0000000058260000 Uncommon trap: reason=speculate_class_check action=maybe_recompile pc=0x0000000003b832c4 method=java.util.AbstractList.listIterator()Ljava/util/ListIterator; @ 2
Event: 241.521 Thread 0x0000000058260000 Uncommon trap: reason=speculate_class_check action=maybe_recompile pc=0x0000000003b832c4 method=java.util.AbstractList.listIterator()Ljava/util/ListIterator; @ 2

Internal exceptions (10 events):
Event: 84.721 Thread 0x00000000582a3000 Exception <a 'sun/nio/fs/WindowsException'> (0x00000000ef39a728) thrown at [C:\src\android\AOSP-openjdk\external\jetbrains\jdk\hotspot\src\share\vm\prims\jni.cpp, line 709]
Event: 84.721 Thread 0x00000000582a3000 Exception <a 'sun/nio/fs/WindowsException'> (0x00000000ef39c2a0) thrown at [C:\src\android\AOSP-openjdk\external\jetbrains\jdk\hotspot\src\share\vm\prims\jni.cpp, line 709]
Event: 84.721 Thread 0x00000000582a3000 Exception <a 'sun/nio/fs/WindowsException'> (0x00000000ef39ce28) thrown at [C:\src\android\AOSP-openjdk\external\jetbrains\jdk\hotspot\src\share\vm\prims\jni.cpp, line 709]
Event: 84.722 Thread 0x00000000582a3000 Exception <a 'sun/nio/fs/WindowsException'> (0x00000000ef3a8c98) thrown at [C:\src\android\AOSP-openjdk\external\jetbrains\jdk\hotspot\src\share\vm\prims\jni.cpp, line 709]
Event: 84.722 Thread 0x00000000582a3000 Exception <a 'sun/nio/fs/WindowsException'> (0x00000000ef3a97d0) thrown at [C:\src\android\AOSP-openjdk\external\jetbrains\jdk\hotspot\src\share\vm\prims\jni.cpp, line 709]
Event: 84.722 Thread 0x00000000582a3000 Exception <a 'sun/nio/fs/WindowsException'> (0x00000000ef3ab348) thrown at [C:\src\android\AOSP-openjdk\external\jetbrains\jdk\hotspot\src\share\vm\prims\jni.cpp, line 709]
Event: 84.722 Thread 0x00000000582a3000 Exception <a 'sun/nio/fs/WindowsException'> (0x00000000ef3abeb8) thrown at [C:\src\android\AOSP-openjdk\external\jetbrains\jdk\hotspot\src\share\vm\prims\jni.cpp, line 709]
Event: 111.546 Thread 0x00000000582a3000 Exception <a 'java/lang/NoSuchMethodError': <clinit>> (0x00000000f3dfe260) thrown at [C:\src\android\AOSP-openjdk\external\jetbrains\jdk\hotspot\src\share\vm\prims\jni.cpp, line 1613]
Event: 284.592 Thread 0x00000000576a1800 Exception <a 'java/lang/ClassNotFoundException': asLocalRepo90_3ww8393m2dnb50b7dgswze2ssBeanInfo> (0x00000000f4b1cce8) thrown at [C:\src\android\AOSP-openjdk\external\jetbrains\jdk\hotspot\src\share\vm\classfile\systemDictionary.cpp, line 210]
Event: 284.592 Thread 0x00000000576a1800 Exception <a 'java/lang/ClassNotFoundException': asLocalRepo90_3ww8393m2dnb50b7dgswze2ssCustomizer> (0x00000000f4b26840) thrown at [C:\src\android\AOSP-openjdk\external\jetbrains\jdk\hotspot\src\share\vm\classfile\systemDictionary.cpp, line 210]

Events (10 events):
Event: 284.672 Thread 0x000000005643b800 flushing nmethod 0x00000000047c00d0
Event: 284.672 Thread 0x000000005643b800 flushing nmethod 0x000000000488ac10
Event: 284.672 Thread 0x000000005643b800 flushing nmethod 0x000000000496c990
Event: 284.672 Thread 0x000000005643b800 flushing nmethod 0x000000000496cd50
Event: 284.672 Thread 0x000000005643b800 flushing nmethod 0x000000000496d110
Event: 284.672 Thread 0x000000005643b800 flushing nmethod 0x00000000049a2ed0
Event: 284.673 Thread 0x000000005643b800 flushing nmethod 0x00000000049beb50
Event: 284.673 Thread 0x000000005643b800 flushing nmethod 0x00000000049c1b90
Event: 284.673 Thread 0x000000005643b800 flushing nmethod 0x00000000049d0550
Event: 284.980 Executing VM operation: ParallelGCFailedAllocation


Dynamic libraries:
0x000000013fd40000 - 0x000000013fd71000 	C:\Program Files\Android\Android Studio\jre\bin\java.exe
0x0000000077be0000 - 0x0000000077d8b000 	C:\Windows\SYSTEM32\ntdll.dll
0x0000000077ac0000 - 0x0000000077bdf000 	C:\Windows\system32\kernel32.dll
0x000007fefdd30000 - 0x000007fefdd9b000 	C:\Windows\system32\KERNELBASE.dll
0x000007fefdf90000 - 0x000007fefe06b000 	C:\Windows\system32\ADVAPI32.dll
0x000007fefe150000 - 0x000007fefe1ef000 	C:\Windows\system32\msvcrt.dll
0x000007fefe200000 - 0x000007fefe21f000 	C:\Windows\SYSTEM32\sechost.dll
0x000007fefe690000 - 0x000007fefe7be000 	C:\Windows\system32\RPCRT4.dll
0x00000000779c0000 - 0x0000000077aba000 	C:\Windows\system32\USER32.dll
0x000007fefea70000 - 0x000007fefead7000 	C:\Windows\system32\GDI32.dll
0x000007feffc50000 - 0x000007feffc5e000 	C:\Windows\system32\LPK.dll
0x000007feffda0000 - 0x000007feffe6a000 	C:\Windows\system32\USP10.dll
0x000007fefc540000 - 0x000007fefc734000 	C:\Windows\WinSxS\amd64_microsoft.windows.common-controls_6595b64144ccf1df_6.0.7600.16385_none_fa645303170382f6\COMCTL32.dll
0x000007fefdf10000 - 0x000007fefdf81000 	C:\Windows\system32\SHLWAPI.dll
0x000007fefe7c0000 - 0x000007fefe7ee000 	C:\Windows\system32\IMM32.DLL
0x000007fefec10000 - 0x000007fefed19000 	C:\Windows\system32\MSCTF.dll
0x0000000067bd0000 - 0x0000000067ca2000 	C:\Program Files\Android\Android Studio\jre\jre\bin\msvcr100.dll
0x0000000074d70000 - 0x00000000755ac000 	C:\Program Files\Android\Android Studio\jre\jre\bin\server\jvm.dll
0x000007fefb030000 - 0x000007fefb039000 	C:\Windows\system32\WSOCK32.dll
0x000007fefe7f0000 - 0x000007fefe83d000 	C:\Windows\system32\WS2_32.dll
0x000007fefe1f0000 - 0x000007fefe1f8000 	C:\Windows\system32\NSI.dll
0x000007fefba30000 - 0x000007fefba6b000 	C:\Windows\system32\WINMM.dll
0x000007fefccb0000 - 0x000007fefccbc000 	C:\Windows\system32\VERSION.dll
0x0000000077db0000 - 0x0000000077db7000 	C:\Windows\system32\PSAPI.DLL
0x000007fefae40000 - 0x000007fefae4f000 	C:\Program Files\Android\Android Studio\jre\jre\bin\verify.dll
0x000007fefae10000 - 0x000007fefae39000 	C:\Program Files\Android\Android Studio\jre\jre\bin\java.dll
0x000007fefadf0000 - 0x000007fefae06000 	C:\Program Files\Android\Android Studio\jre\jre\bin\zip.dll
0x000007fefeec0000 - 0x000007feffc46000 	C:\Windows\system32\SHELL32.dll
0x000007fefe220000 - 0x000007fefe421000 	C:\Windows\system32\ole32.dll
0x000007fefdb40000 - 0x000007fefdb4f000 	C:\Windows\system32\profapi.dll
0x000007fefadd0000 - 0x000007fefadea000 	C:\Program Files\Android\Android Studio\jre\jre\bin\net.dll
0x000007fefd3b0000 - 0x000007fefd404000 	C:\Windows\system32\mswsock.dll
0x000007fefd3a0000 - 0x000007fefd3a7000 	C:\Windows\System32\wship6.dll
0x000007fefadb0000 - 0x000007fefadc1000 	C:\Program Files\Android\Android Studio\jre\jre\bin\nio.dll
0x000007fefb6b0000 - 0x000007fefb6c2000 	C:\Users\komal\.gradle\native\19\windows-amd64\native-platform.dll
0x000007fefd410000 - 0x000007fefd427000 	C:\Windows\system32\CRYPTSP.dll
0x000007fefd0d0000 - 0x000007fefd117000 	C:\Windows\system32\rsaenh.dll
0x000007fefce90000 - 0x000007fefceae000 	C:\Windows\system32\USERENV.dll
0x000007fefda70000 - 0x000007fefda7f000 	C:\Windows\system32\CRYPTBASE.dll
0x000007fefb620000 - 0x000007fefb647000 	C:\Windows\system32\IPHLPAPI.DLL
0x000007fefb610000 - 0x000007fefb61b000 	C:\Windows\system32\WINNSI.DLL
0x000007fefb540000 - 0x000007fefb558000 	C:\Windows\system32\dhcpcsvc.DLL
0x000007fefb4f0000 - 0x000007fefb501000 	C:\Windows\system32\dhcpcsvc6.DLL
0x000007fef41d0000 - 0x000007fef41dd000 	C:\Program Files\Android\Android Studio\jre\jre\bin\management.dll
0x000007fefda10000 - 0x000007fefda67000 	C:\Windows\system32\apphelp.dll
0x000007fef5970000 - 0x000007fef5a95000 	C:\Windows\system32\dbghelp.dll

VM Arguments:
jvm_args: -XX:MaxPermSize=256m -XX:+HeapDumpOnOutOfMemoryError -Xmx1024m -Dfile.encoding=windows-1252 -Duser.country=US -Duser.language=en -Duser.variant 
java_command: org.gradle.launcher.daemon.bootstrap.GradleDaemon 2.14.1
java_class_path (initial): C:\Users\komal\.gradle\wrapper\dists\gradle-2.14.1-all\8bnwg5hd3w55iofp58khbp6yv\gradle-2.14.1\lib\gradle-launcher-2.14.1.jar
Launcher Type: SUN_STANDARD

Environment Variables:
PATH=C:\Program Files (x86)\Intel\iCLS Client\;C:\Program Files\Intel\iCLS Client\;C:\Windows\system32;C:\Windows;C:\Windows\System32\Wbem;C:\Windows\System32\WindowsPowerShell\v1.0\;C:\Program Files (x86)\Intel\OpenCL SDK\2.0\bin\x86;C:\Program Files (x86)\Intel\OpenCL SDK\2.0\bin\x64;C:\Program Files\Intel\Intel(R) Management Engine Components\DAL;C:\Program Files\Intel\Intel(R) Management Engine Components\IPT;C:\Program Files (x86)\Intel\Intel(R) Management Engine Components\DAL;C:\Program Files (x86)\Intel\Intel(R) Management Engine Components\IPT;C:\Program Files\Git\cmd;C:\Program Files\Java\jdk1.8.0_121\bin;
USERNAME=komal
OS=Windows_NT
PROCESSOR_IDENTIFIER=Intel64 Family 6 Model 58 Stepping 9, GenuineIntel



---------------  S Y S T E M  ---------------

OS: Windows 7 , 64 bit Build 7600 (6.1.7600.16385)

CPU:total 4 (2 cores per cpu, 2 threads per core) family 6 model 58 stepping 9, cmov, cx8, fxsr, mmx, sse, sse2, sse3, ssse3, sse4.1, sse4.2, popcnt, clmul, erms, ht, tsc, tscinvbit, tscinv

Memory: 4k page, physical 8080048k(5315580k free), swap 16158200k(13230744k free)

vm_info: OpenJDK 64-Bit Server VM (25.112-b06) for windows-amd64 JRE (1.8.0_112-release-b06), built on Dec  8 2016 00:54:26 by "builder" with MS VC++ 10.0 (VS2010)

time: Thu Apr 27 15:43:14 2017
elapsed time: 285 seconds (0d 0h 4m 45s)

