#
# A fatal error has been detected by the Java Runtime Environment:
#
#  EXCEPTION_ACCESS_VIOLATION (0xc0000005) at pc=0x0000000066dda070, pid=1676, tid=0x0000000000000c08
#
# JRE version: OpenJDK Runtime Environment (8.0_112-b06) (build 1.8.0_112-release-b06)
# Java VM: OpenJDK 64-Bit Server VM (25.112-b06 mixed mode windows-amd64 compressed oops)
# Problematic frame:
# V  [jvm.dll+0x8a070]
#
# Failed to write core dump. Minidumps are not enabled by default on client versions of Windows
#
# If you would like to submit a bug report, please visit:
#   http://bugreport.java.com/bugreport/crash.jsp
#

---------------  T H R E A D  ---------------

Current thread (0x00000000021cc000):  GCTaskThread [stack: 0x0000000011f60000,0x0000000012060000] [id=3080]

siginfo: ExceptionCode=0xc0000005, reading address 0x000000000dc3efa3

Registers:
RAX=0x0000000000000000, RBX=0x00000000f604ca60, RCX=0x00000000f604ca60, RDX=0x000000000dc3ef9b
RSP=0x000000001205f8d8, RBP=0x0000000011b82f01, RSI=0x0000000054fc6300, RDI=0x00000000c45d8a08
R8 =0x0000000054fc6300, R9 =0x0000000000000005, R10=0x000000000000000c, R11=0x000000000000000c
R12=0x0000000011b82ec2, R13=0xf604ca7014641610, R14=0x0000000000000000, R15=0x00000000021c5040
RIP=0x0000000066dda070, EFLAGS=0x0000000000010202

Top of Stack: (sp=0x000000001205f8d8)
0x000000001205f8d8:   000000006711ac22 00000000f614ca40
0x000000001205f8e8:   0000000000000004 0000000054fc6300
0x000000001205f8f8:   00000000675118f0 00000000f8468000
0x000000001205f908:   000000006711b36b 00000000c52a72a8
0x000000001205f918:   0000000000000400 0000000000000000
0x000000001205f928:   0000000054fc6300 0000000011b82ec2
0x000000001205f938:   000000006711af90 00000000c52a8838
0x000000001205f948:   0000000011b82f01 0000000054fc6300
0x000000001205f958:   00000000c45d8a08 00000000c52a8838
0x000000001205f968:   000000006711bb35 00000000f60d4890
0x000000001205f978:   0000000011b82f01 0000000054fc6300
0x000000001205f988:   000000006711a3db 0000000000000135
0x000000001205f998:   00000000671176d5 0000000000000000
0x000000001205f9a8:   0000000066e3ed77 0000000054fc6300
0x000000001205f9b8:   0000000066e3cf83 00000000c349ddb5
0x000000001205f9c8:   00000000c349ddb5 00000000c45d88a4 

Instructions: (pc=0x0000000066dda070)
0x0000000066dda050:   1c 42 1d 00 48 8b 9c 24 c0 00 00 00 48 81 c4 b0
0x0000000066dda060:   00 00 00 5d c3 cc cc cc cc cc cc cc cc cc cc cc
0x0000000066dda070:   44 8b 42 08 4c 8b ca 45 85 c0 7e 0e 41 f6 c0 01
0x0000000066dda080:   75 57 41 c1 f8 03 41 8b c0 c3 79 4d 80 3d de d7 


Register to memory mapping:

RAX=0x0000000000000000 is an unknown value
RBX=0x00000000f604ca60 is an oop

[error occurred during error reporting (printing register info), id 0xc0000005]

Stack: [0x0000000011f60000,0x0000000012060000],  sp=0x000000001205f8d8,  free space=1022k
Native frames: (J=compiled Java code, j=interpreted, Vv=VM code, C=native code)
V  [jvm.dll+0x8a070]


---------------  P R O C E S S  ---------------

Java Threads: ( => current thread )
  0x0000000057646000 JavaThread "Stdin handler" [_thread_blocked, id=3044, stack(0x000000005a840000,0x000000005a940000)]
  0x0000000057645000 JavaThread "Asynchronous log dispatcher for DefaultDaemonConnection: socket connection from /127.0.0.1:49194 to /127.0.0.1:49456" [_thread_blocked, id=4632, stack(0x000000005a730000,0x000000005a830000)]
  0x0000000057641800 JavaThread "Cancel handler" [_thread_blocked, id=4816, stack(0x000000005a590000,0x000000005a690000)]
  0x0000000057643800 JavaThread "Handler for socket connection from /127.0.0.1:49194 to /127.0.0.1:49456" [_thread_in_native, id=4344, stack(0x000000005a420000,0x000000005a520000)]
  0x0000000057644800 JavaThread "Daemon worker Thread 5" [_thread_blocked, id=5024, stack(0x000000005aee0000,0x000000005afe0000)]
  0x0000000057643000 JavaThread "Daemon Thread 5" [_thread_blocked, id=3940, stack(0x000000005a320000,0x000000005a420000)]
  0x000000005b37c000 JavaThread "pool-23-thread-4" [_thread_blocked, id=4476, stack(0x0000000064d70000,0x0000000064e70000)]
  0x000000005e2a9000 JavaThread "pool-23-thread-3" [_thread_blocked, id=4520, stack(0x00000000643c0000,0x00000000644c0000)]
  0x000000005e2ad000 JavaThread "pool-23-thread-2" [_thread_blocked, id=3952, stack(0x0000000064760000,0x0000000064860000)]
  0x000000005e2a8800 JavaThread "pool-23-thread-1" [_thread_blocked, id=4148, stack(0x0000000059ec0000,0x0000000059fc0000)]
  0x0000000059bc1800 JavaThread "File lock request listener" [_thread_in_native, id=3316, stack(0x000000005ad70000,0x000000005ae70000)]
  0x000000005851d000 JavaThread "pool-1-thread-1" [_thread_blocked, id=2536, stack(0x000000005a950000,0x000000005aa50000)]
  0x00000000586bd000 JavaThread "Incoming local TCP Connector on port 49194" [_thread_in_native, id=2980, stack(0x0000000057a80000,0x0000000057b80000)]
  0x0000000056ce8800 JavaThread "Service Thread" daemon [_thread_blocked, id=1692, stack(0x0000000057160000,0x0000000057260000)]
  0x000000005503a800 JavaThread "C1 CompilerThread2" daemon [_thread_blocked, id=1784, stack(0x0000000056be0000,0x0000000056ce0000)]
  0x0000000055039800 JavaThread "C2 CompilerThread1" daemon [_thread_blocked, id=3936, stack(0x00000000569f0000,0x0000000056af0000)]
  0x0000000055035800 JavaThread "C2 CompilerThread0" daemon [_thread_blocked, id=1832, stack(0x00000000567f0000,0x00000000568f0000)]
  0x0000000055032000 JavaThread "Attach Listener" daemon [_thread_blocked, id=3052, stack(0x0000000056600000,0x0000000056700000)]
  0x0000000055030000 JavaThread "Signal Dispatcher" daemon [_thread_blocked, id=1496, stack(0x00000000563f0000,0x00000000564f0000)]
  0x0000000055018000 JavaThread "Finalizer" daemon [_thread_blocked, id=928, stack(0x0000000055f50000,0x0000000056050000)]
  0x0000000054fd1000 JavaThread "Reference Handler" daemon [_thread_blocked, id=2280, stack(0x0000000056230000,0x0000000056330000)]
  0x000000000217e800 JavaThread "main" [_thread_blocked, id=1896, stack(0x00000000023d0000,0x00000000024d0000)]

Other Threads:
  0x0000000054fc9800 VMThread [stack: 0x0000000056060000,0x0000000056160000] [id=1996]
  0x000000005503e000 WatcherThread [stack: 0x00000000564f0000,0x00000000565f0000] [id=2724]

=>0x00000000021cc000 (exited) GCTaskThread [stack: 0x0000000011f60000,0x0000000012060000] [id=3080]

VM state:at safepoint (normal execution)

VM Mutex/Monitor currently owned by a thread:  ([mutex/lock_event])
[0x000000000217cfd0] Threads_lock - owner thread: 0x0000000054fc9800
[0x000000000217d4d0] Heap_lock - owner thread: 0x0000000057644800

Heap:
 PSYoungGen      total 204288K, used 203920K [0x00000000eab00000, 0x00000000fab00000, 0x0000000100000000)
  eden space 177152K, 100% used [0x00000000eab00000,0x00000000f5800000,0x00000000f5800000)
  from space 27136K, 98% used [0x00000000f5f00000,0x00000000f7924168,0x00000000f7980000)
  to   space 42496K, 7% used [0x00000000f8180000,0x00000000f84c0000,0x00000000fab00000)
 ParOldGen       total 128512K, used 87132K [0x00000000c0000000, 0x00000000c7d80000, 0x00000000eab00000)
  object space 128512K, 67% used [0x00000000c0000000,0x00000000c5517138,0x00000000c7d80000)
 Metaspace       used 87186K, capacity 93702K, committed 93784K, reserved 1132544K
  class space    used 10681K, capacity 11639K, committed 11648K, reserved 1048576K

Card table byte_map: [0x0000000011b60000,0x0000000011d70000] byte_map_base: 0x0000000011560000

Marking Bits: (ParMarkBitMap*) 0x00000000675118f0
 Begin Bits: [0x0000000012440000, 0x0000000013440000)
 End Bits:   [0x0000000013440000, 0x0000000014440000)

Polling page: 0x0000000000430000

CodeCache: size=245760Kb used=66899Kb max_used=67154Kb free=178860Kb
 bounds [0x00000000027a0000, 0x00000000069e0000, 0x00000000117a0000]
 total_blobs=18835 nmethods=18016 adapters=729
 compilation: enabled

Compilation events (10 events):
Event: 908.750 Thread 0x000000005503a800 22860       1       com.android.build.gradle.internal.dsl.BuildType::isShrinkResources (5 bytes)
Event: 908.750 Thread 0x000000005503a800 nmethod 22860 0x0000000004998850 code [0x00000000049989a0, 0x0000000004998ab0]
Event: 908.750 Thread 0x000000005503a800 22861       3       com.android.build.gradle.LibraryExtension_Decorated::getAaptOptions (37 bytes)
Event: 908.751 Thread 0x0000000055035800 nmethod 22859 0x0000000004a79210 code [0x0000000004a79360, 0x0000000004a79478]
Event: 908.751 Thread 0x000000005503a800 nmethod 22861 0x00000000049edc90 code [0x00000000049ede80, 0x00000000049ee7b8]
Event: 908.752 Thread 0x0000000055035800 22862       4       java.util.HashMap$KeySpliterator::forEachRemaining (186 bytes)
Event: 908.756 Thread 0x0000000055035800 nmethod 22862 0x0000000003a81110 code [0x0000000003a81260, 0x0000000003a81578]
Event: 908.756 Thread 0x0000000055035800 22863       4       org.gradle.api.internal.project.taskfactory.AnnotationProcessingTaskFactory::createTask (15 bytes)
Event: 908.761 Thread 0x000000005503a800 22865       3       java.util.Hashtable$Enumerator::<init> (51 bytes)
Event: 908.761 Thread 0x000000005503a800 nmethod 22865 0x00000000048f2d10 code [0x00000000048f2e80, 0x00000000048f30b0]

GC Heap History (10 events):
Event: 887.264 GC heap after
Heap after GC invocations=33 (full 3):
 PSYoungGen      total 228864K, used 27203K [0x00000000eab00000, 0x00000000fc600000, 0x0000000100000000)
  eden space 199680K, 0% used [0x00000000eab00000,0x00000000eab00000,0x00000000f6e00000)
  from space 29184K, 93% used [0x00000000fa980000,0x00000000fc410e88,0x00000000fc600000)
  to   space 45056K, 0% used [0x00000000f6e00000,0x00000000f6e00000,0x00000000f9a00000)
 ParOldGen       total 104448K, used 91637K [0x00000000c0000000, 0x00000000c6600000, 0x00000000eab00000)
  object space 104448K, 87% used [0x00000000c0000000,0x00000000c597d518,0x00000000c6600000)
 Metaspace       used 86868K, capacity 93190K, committed 93272K, reserved 1130496K
  class space    used 10656K, capacity 11605K, committed 11648K, reserved 1048576K
}
Event: 890.818 GC heap before
{Heap before GC invocations=34 (full 3):
 PSYoungGen      total 228864K, used 226013K [0x00000000eab00000, 0x00000000fc600000, 0x0000000100000000)
  eden space 199680K, 99% used [0x00000000eab00000,0x00000000f6d26608,0x00000000f6e00000)
  from space 29184K, 93% used [0x00000000fa980000,0x00000000fc410e88,0x00000000fc600000)
  to   space 45056K, 0% used [0x00000000f6e00000,0x00000000f6e00000,0x00000000f9a00000)
 ParOldGen       total 104448K, used 91637K [0x00000000c0000000, 0x00000000c6600000, 0x00000000eab00000)
  object space 104448K, 87% used [0x00000000c0000000,0x00000000c597d518,0x00000000c6600000)
 Metaspace       used 86963K, capacity 93392K, committed 93528K, reserved 1130496K
  class space    used 10669K, capacity 11628K, committed 11648K, reserved 1048576K
Event: 890.836 GC heap after
Heap after GC invocations=34 (full 3):
 PSYoungGen      total 201216K, used 9018K [0x00000000eab00000, 0x00000000fbb80000, 0x0000000100000000)
  eden space 192000K, 0% used [0x00000000eab00000,0x00000000eab00000,0x00000000f6680000)
  from space 9216K, 97% used [0x00000000f6e00000,0x00000000f76ce9a8,0x00000000f7700000)
  to   space 43520K, 0% used [0x00000000f9100000,0x00000000f9100000,0x00000000fbb80000)
 ParOldGen       total 104448K, used 98468K [0x00000000c0000000, 0x00000000c6600000, 0x00000000eab00000)
  object space 104448K, 94% used [0x00000000c0000000,0x00000000c6029070,0x00000000c6600000)
 Metaspace       used 86963K, capacity 93392K, committed 93528K, reserved 1130496K
  class space    used 10669K, capacity 11628K, committed 11648K, reserved 1048576K
}
Event: 890.836 GC heap before
{Heap before GC invocations=35 (full 4):
 PSYoungGen      total 201216K, used 9018K [0x00000000eab00000, 0x00000000fbb80000, 0x0000000100000000)
  eden space 192000K, 0% used [0x00000000eab00000,0x00000000eab00000,0x00000000f6680000)
  from space 9216K, 97% used [0x00000000f6e00000,0x00000000f76ce9a8,0x00000000f7700000)
  to   space 43520K, 0% used [0x00000000f9100000,0x00000000f9100000,0x00000000fbb80000)
 ParOldGen       total 104448K, used 98468K [0x00000000c0000000, 0x00000000c6600000, 0x00000000eab00000)
  object space 104448K, 94% used [0x00000000c0000000,0x00000000c6029070,0x00000000c6600000)
 Metaspace       used 86963K, capacity 93392K, committed 93528K, reserved 1130496K
  class space    used 10669K, capacity 11628K, committed 11648K, reserved 1048576K
Event: 891.065 GC heap after
Heap after GC invocations=35 (full 4):
 PSYoungGen      total 201216K, used 0K [0x00000000eab00000, 0x00000000fbb80000, 0x0000000100000000)
  eden space 192000K, 0% used [0x00000000eab00000,0x00000000eab00000,0x00000000f6680000)
  from space 9216K, 0% used [0x00000000f6e00000,0x00000000f6e00000,0x00000000f7700000)
  to   space 43520K, 0% used [0x00000000f9100000,0x00000000f9100000,0x00000000fbb80000)
 ParOldGen       total 128512K, used 71151K [0x00000000c0000000, 0x00000000c7d80000, 0x00000000eab00000)
  object space 128512K, 55% used [0x00000000c0000000,0x00000000c457bf70,0x00000000c7d80000)
 Metaspace       used 86940K, capacity 93368K, committed 93528K, reserved 1130496K
  class space    used 10662K, capacity 11620K, committed 11648K, reserved 1048576K
}
Event: 897.448 GC heap before
{Heap before GC invocations=36 (full 4):
 PSYoungGen      total 201216K, used 192000K [0x00000000eab00000, 0x00000000fbb80000, 0x0000000100000000)
  eden space 192000K, 100% used [0x00000000eab00000,0x00000000f6680000,0x00000000f6680000)
  from space 9216K, 0% used [0x00000000f6e00000,0x00000000f6e00000,0x00000000f7700000)
  to   space 43520K, 0% used [0x00000000f9100000,0x00000000f9100000,0x00000000fbb80000)
 ParOldGen       total 128512K, used 71151K [0x00000000c0000000, 0x00000000c7d80000, 0x00000000eab00000)
  object space 128512K, 55% used [0x00000000c0000000,0x00000000c457bf70,0x00000000c7d80000)
 Metaspace       used 87007K, capacity 93456K, committed 93528K, reserved 1130496K
  class space    used 10672K, capacity 11628K, committed 11648K, reserved 1048576K
Event: 897.480 GC heap after
Heap after GC invocations=36 (full 4):
 PSYoungGen      total 215040K, used 12800K [0x00000000eab00000, 0x00000000faf00000, 0x0000000100000000)
  eden space 184320K, 0% used [0x00000000eab00000,0x00000000eab00000,0x00000000f5f00000)
  from space 30720K, 41% used [0x00000000f9100000,0x00000000f9d80280,0x00000000faf00000)
  to   space 40960K, 0% used [0x00000000f5f00000,0x00000000f5f00000,0x00000000f8700000)
 ParOldGen       total 128512K, used 71159K [0x00000000c0000000, 0x00000000c7d80000, 0x00000000eab00000)
  object space 128512K, 55% used [0x00000000c0000000,0x00000000c457df70,0x00000000c7d80000)
 Metaspace       used 87007K, capacity 93456K, committed 93528K, reserved 1130496K
  class space    used 10672K, capacity 11628K, committed 11648K, reserved 1048576K
}
Event: 901.503 GC heap before
{Heap before GC invocations=37 (full 4):
 PSYoungGen      total 215040K, used 197120K [0x00000000eab00000, 0x00000000faf00000, 0x0000000100000000)
  eden space 184320K, 100% used [0x00000000eab00000,0x00000000f5f00000,0x00000000f5f00000)
  from space 30720K, 41% used [0x00000000f9100000,0x00000000f9d80280,0x00000000faf00000)
  to   space 40960K, 0% used [0x00000000f5f00000,0x00000000f5f00000,0x00000000f8700000)
 ParOldGen       total 128512K, used 71159K [0x00000000c0000000, 0x00000000c7d80000, 0x00000000eab00000)
  object space 128512K, 55% used [0x00000000c0000000,0x00000000c457df70,0x00000000c7d80000)
 Metaspace       used 87093K, capacity 93476K, committed 93528K, reserved 1130496K
  class space    used 10673K, capacity 11630K, committed 11648K, reserved 1048576K
Event: 901.535 GC heap after
Heap after GC invocations=37 (full 4):
 PSYoungGen      total 204288K, used 26768K [0x00000000eab00000, 0x00000000fab00000, 0x0000000100000000)
  eden space 177152K, 0% used [0x00000000eab00000,0x00000000eab00000,0x00000000f5800000)
  from space 27136K, 98% used [0x00000000f5f00000,0x00000000f7924168,0x00000000f7980000)
  to   space 42496K, 0% used [0x00000000f8180000,0x00000000f8180000,0x00000000fab00000)
 ParOldGen       total 128512K, used 83380K [0x00000000c0000000, 0x00000000c7d80000, 0x00000000eab00000)
  object space 128512K, 64% used [0x00000000c0000000,0x00000000c516d2a8,0x00000000c7d80000)
 Metaspace       used 87093K, capacity 93476K, committed 93528K, reserved 1130496K
  class space    used 10673K, capacity 11630K, committed 11648K, reserved 1048576K
}
Event: 908.765 GC heap before
{Heap before GC invocations=38 (full 4):
 PSYoungGen      total 204288K, used 203920K [0x00000000eab00000, 0x00000000fab00000, 0x0000000100000000)
  eden space 177152K, 100% used [0x00000000eab00000,0x00000000f5800000,0x00000000f5800000)
  from space 27136K, 98% used [0x00000000f5f00000,0x00000000f7924168,0x00000000f7980000)
  to   space 42496K, 0% used [0x00000000f8180000,0x00000000f8180000,0x00000000fab00000)
 ParOldGen       total 128512K, used 83380K [0x00000000c0000000, 0x00000000c7d80000, 0x00000000eab00000)
  object space 128512K, 64% used [0x00000000c0000000,0x00000000c516d2a8,0x00000000c7d80000)
 Metaspace       used 87186K, capacity 93702K, committed 93784K, reserved 1132544K
  class space    used 10681K, capacity 11639K, committed 11648K, reserved 1048576K

Deoptimization events (10 events):
Event: 892.746 Thread 0x0000000057644800 Uncommon trap: reason=class_check action=maybe_recompile pc=0x00000000040e85c8 method=org.gradle.api.internal.changedetection.state.AbstractFileCollectionSnapshotter$FileVisitorImpl.visitFile(Lorg/gradle/api/file/FileVisitDetails;)V @ 28
Event: 892.746 Thread 0x0000000057644800 Uncommon trap: reason=class_check action=maybe_recompile pc=0x00000000040e85c8 method=org.gradle.api.internal.changedetection.state.AbstractFileCollectionSnapshotter$FileVisitorImpl.visitFile(Lorg/gradle/api/file/FileVisitDetails;)V @ 28
Event: 892.746 Thread 0x0000000057644800 Uncommon trap: reason=class_check action=maybe_recompile pc=0x00000000040e85c8 method=org.gradle.api.internal.changedetection.state.AbstractFileCollectionSnapshotter$FileVisitorImpl.visitFile(Lorg/gradle/api/file/FileVisitDetails;)V @ 28
Event: 892.746 Thread 0x0000000057644800 Uncommon trap: reason=class_check action=maybe_recompile pc=0x00000000040e85c8 method=org.gradle.api.internal.changedetection.state.AbstractFileCollectionSnapshotter$FileVisitorImpl.visitFile(Lorg/gradle/api/file/FileVisitDetails;)V @ 28
Event: 892.749 Thread 0x0000000057644800 Uncommon trap: reason=unstable_if action=reinterpret pc=0x00000000067dd9d0 method=org.gradle.api.internal.changedetection.state.AbstractFileCollectionSnapshotter.snapshot(Lorg/gradle/api/file/FileCollection;Lorg/gradle/api/internal/changedetection/state/Taf}Ê`=æ‹@
Event: 892.780 Thread 0x0000000057644800 Uncommon trap: reason=speculate_class_check action=maybe_recompile pc=0x0000000005b69ddc method=com.sun.tools.javac.file.JavacFileManager.inferBinaryName(Ljavax/tools/JavaFileManager$Location;Ljavax/tools/JavaFileObject;)Ljava/lang/String; @ 23
Event: 892.780 Thread 0x0000000057644800 Uncommon trap: reason=speculate_class_check action=maybe_recompile pc=0x0000000005b69ddc method=com.sun.tools.javac.file.JavacFileManager.inferBinaryName(Ljavax/tools/JavaFileManager$Location;Ljavax/tools/JavaFileObject;)Ljava/lang/String; @ 23
Event: 892.785 Thread 0x0000000057644800 Uncommon trap: reason=speculate_class_check action=maybe_recompile pc=0x0000000005b69ddc method=com.sun.tools.javac.file.JavacFileManager.inferBinaryName(Ljavax/tools/JavaFileManager$Location;Ljavax/tools/JavaFileObject;)Ljava/lang/String; @ 23
Event: 892.785 Thread 0x0000000057644800 Uncommon trap: reason=speculate_class_check action=maybe_recompile pc=0x0000000005b69ddc method=com.sun.tools.javac.file.JavacFileManager.inferBinaryName(Ljavax/tools/JavaFileManager$Location;Ljavax/tools/JavaFileObject;)Ljava/lang/String; @ 23
Event: 892.817 Thread 0x0000000057644800 Uncommon trap: reason=unstable_if action=reinterpret pc=0x0000000003163808 method=com.google.protobuf.CodedOutputStream.computeUInt32SizeNoTag(I)I @ 14

Internal exceptions (10 events):
Event: 908.421 Thread 0x0000000057644800 Exception <a 'sun/nio/fs/WindowsException'> (0x00000000f4b59a78) thrown at [C:\src\android\AOSP-openjdk\external\jetbrains\jdk\hotspot\src\share\vm\prims\jni.cpp, line 709]
Event: 908.421 Thread 0x0000000057644800 Exception <a 'sun/nio/fs/WindowsException'> (0x00000000f4b5a630) thrown at [C:\src\android\AOSP-openjdk\external\jetbrains\jdk\hotspot\src\share\vm\prims\jni.cpp, line 709]
Event: 908.422 Thread 0x0000000057644800 Exception <a 'sun/nio/fs/WindowsException'> (0x00000000f4b5dfa0) thrown at [C:\src\android\AOSP-openjdk\external\jetbrains\jdk\hotspot\src\share\vm\prims\jni.cpp, line 709]
Event: 908.422 Thread 0x0000000057644800 Exception <a 'sun/nio/fs/WindowsException'> (0x00000000f4b5eb10) thrown at [C:\src\android\AOSP-openjdk\external\jetbrains\jdk\hotspot\src\share\vm\prims\jni.cpp, line 709]
Event: 908.422 Thread 0x0000000057644800 Exception <a 'sun/nio/fs/WindowsException'> (0x00000000f4b606b0) thrown at [C:\src\android\AOSP-openjdk\external\jetbrains\jdk\hotspot\src\share\vm\prims\jni.cpp, line 709]
Event: 908.422 Thread 0x0000000057644800 Exception <a 'sun/nio/fs/WindowsException'> (0x00000000f4b61260) thrown at [C:\src\android\AOSP-openjdk\external\jetbrains\jdk\hotspot\src\share\vm\prims\jni.cpp, line 709]
Event: 908.423 Thread 0x0000000057644800 Exception <a 'sun/nio/fs/WindowsException'> (0x00000000f4b64b40) thrown at [C:\src\android\AOSP-openjdk\external\jetbrains\jdk\hotspot\src\share\vm\prims\jni.cpp, line 709]
Event: 908.423 Thread 0x0000000057644800 Exception <a 'sun/nio/fs/WindowsException'> (0x00000000f4b65678) thrown at [C:\src\android\AOSP-openjdk\external\jetbrains\jdk\hotspot\src\share\vm\prims\jni.cpp, line 709]
Event: 908.423 Thread 0x0000000057644800 Exception <a 'sun/nio/fs/WindowsException'> (0x00000000f4b671f0) thrown at [C:\src\android\AOSP-openjdk\external\jetbrains\jdk\hotspot\src\share\vm\prims\jni.cpp, line 709]
Event: 908.423 Thread 0x0000000057644800 Exception <a 'sun/nio/fs/WindowsException'> (0x00000000f4b67d60) thrown at [C:\src\android\AOSP-openjdk\external\jetbrains\jdk\hotspot\src\share\vm\prims\jni.cpp, line 709]

Events (10 events):
Event: 908.130 loading class groovy/runtime/metaclass/asLocalRepo89_c1aig7tvquf6tx1ptvqcomvg9$_run_closure1$_closure2$_closure4$_closure5MetaClass done
Event: 908.130 loading class asLocalRepo89_c1aig7tvquf6tx1ptvqcomvg9$_run_closure1$_closure3
Event: 908.130 loading class asLocalRepo89_c1aig7tvquf6tx1ptvqcomvg9$_run_closure1$_closure3 done
Event: 908.131 loading class groovy/runtime/metaclass/asLocalRepo89_c1aig7tvquf6tx1ptvqcomvg9$_run_closure1$_closure3MetaClass
Event: 908.131 loading class groovy/runtime/metaclass/asLocalRepo89_c1aig7tvquf6tx1ptvqcomvg9$_run_closure1$_closure3MetaClass done
Event: 908.131 loading class asLocalRepo89_c1aig7tvquf6tx1ptvqcomvg9$_run_closure1$_closure3$_closure6
Event: 908.131 loading class asLocalRepo89_c1aig7tvquf6tx1ptvqcomvg9$_run_closure1$_closure3$_closure6 done
Event: 908.132 loading class groovy/runtime/metaclass/asLocalRepo89_c1aig7tvquf6tx1ptvqcomvg9$_run_closure1$_closure3$_closure6MetaClass
Event: 908.132 loading class groovy/runtime/metaclass/asLocalRepo89_c1aig7tvquf6tx1ptvqcomvg9$_run_closure1$_closure3$_closure6MetaClass done
Event: 908.765 Executing VM operation: ParallelGCFailedAllocation


Dynamic libraries:
0x000000013f9c0000 - 0x000000013f9f1000 	C:\Program Files\Android\Android Studio\jre\bin\java.exe
0x0000000076da0000 - 0x0000000076f4b000 	C:\Windows\SYSTEM32\ntdll.dll
0x0000000076c80000 - 0x0000000076d9f000 	C:\Windows\system32\kernel32.dll
0x000007fefcf40000 - 0x000007fefcfab000 	C:\Windows\system32\KERNELBASE.dll
0x000007fefe6a0000 - 0x000007fefe77b000 	C:\Windows\system32\ADVAPI32.dll
0x000007fefe900000 - 0x000007fefe99f000 	C:\Windows\system32\msvcrt.dll
0x000007fefd1a0000 - 0x000007fefd1bf000 	C:\Windows\SYSTEM32\sechost.dll
0x000007fefea90000 - 0x000007fefebbe000 	C:\Windows\system32\RPCRT4.dll
0x0000000076b80000 - 0x0000000076c7a000 	C:\Windows\system32\USER32.dll
0x000007feff040000 - 0x000007feff0a7000 	C:\Windows\system32\GDI32.dll
0x000007fefd8f0000 - 0x000007fefd8fe000 	C:\Windows\system32\LPK.dll
0x000007fefd0d0000 - 0x000007fefd19a000 	C:\Windows\system32\USP10.dll
0x000007fefb160000 - 0x000007fefb354000 	C:\Windows\WinSxS\amd64_microsoft.windows.common-controls_6595b64144ccf1df_6.0.7600.16385_none_fa645303170382f6\COMCTL32.dll
0x000007fefede0000 - 0x000007fefee51000 	C:\Windows\system32\SHLWAPI.dll
0x000007feff010000 - 0x000007feff03e000 	C:\Windows\system32\IMM32.DLL
0x000007fefec30000 - 0x000007fefed39000 	C:\Windows\system32\MSCTF.dll
0x00000000657e0000 - 0x00000000658b2000 	C:\Program Files\Android\Android Studio\jre\jre\bin\msvcr100.dll
0x0000000066d50000 - 0x000000006758c000 	C:\Program Files\Android\Android Studio\jre\jre\bin\server\jvm.dll
0x000007fef26f0000 - 0x000007fef26f9000 	C:\Windows\system32\WSOCK32.dll
0x000007fefebe0000 - 0x000007fefec2d000 	C:\Windows\system32\WS2_32.dll
0x000007fefd900000 - 0x000007fefd908000 	C:\Windows\system32\NSI.dll
0x000007fefa280000 - 0x000007fefa2bb000 	C:\Windows\system32\WINMM.dll
0x000007fefbe70000 - 0x000007fefbe7c000 	C:\Windows\system32\VERSION.dll
0x0000000076f70000 - 0x0000000076f77000 	C:\Windows\system32\PSAPI.DLL
0x000007feefc90000 - 0x000007feefc9f000 	C:\Program Files\Android\Android Studio\jre\jre\bin\verify.dll
0x000007feefc60000 - 0x000007feefc89000 	C:\Program Files\Android\Android Studio\jre\jre\bin\java.dll
0x000007feefc40000 - 0x000007feefc56000 	C:\Program Files\Android\Android Studio\jre\jre\bin\zip.dll
0x000007fefd910000 - 0x000007fefe696000 	C:\Windows\system32\SHELL32.dll
0x000007fefd600000 - 0x000007fefd801000 	C:\Windows\system32\ole32.dll
0x000007fefcd00000 - 0x000007fefcd0f000 	C:\Windows\system32\profapi.dll
0x000007feeee10000 - 0x000007feeee2a000 	C:\Program Files\Android\Android Studio\jre\jre\bin\net.dll
0x000007fefc530000 - 0x000007fefc584000 	C:\Windows\system32\mswsock.dll
0x000007fefc520000 - 0x000007fefc527000 	C:\Windows\System32\wship6.dll
0x000007feeedf0000 - 0x000007feeee01000 	C:\Program Files\Android\Android Studio\jre\jre\bin\nio.dll
0x000007fef5a80000 - 0x000007fef5a9e000 	C:\Users\komal\.gradle\native\23\windows-amd64\native-platform.dll
0x000007fefc590000 - 0x000007fefc5a7000 	C:\Windows\system32\CRYPTSP.dll
0x000007fefc290000 - 0x000007fefc2d7000 	C:\Windows\system32\rsaenh.dll
0x000007fefc050000 - 0x000007fefc06e000 	C:\Windows\system32\USERENV.dll
0x000007fefcc30000 - 0x000007fefcc3f000 	C:\Windows\system32\CRYPTBASE.dll
0x000007fefac20000 - 0x000007fefac47000 	C:\Windows\system32\IPHLPAPI.DLL
0x000007fefac10000 - 0x000007fefac1b000 	C:\Windows\system32\WINNSI.DLL
0x000007fefaae0000 - 0x000007fefaaf8000 	C:\Windows\system32\dhcpcsvc.DLL
0x000007fefaab0000 - 0x000007fefaac1000 	C:\Windows\system32\dhcpcsvc6.DLL
0x000007fef46d0000 - 0x000007fef46dd000 	C:\Program Files\Android\Android Studio\jre\jre\bin\management.dll
0x000007fefcbd0000 - 0x000007fefcc27000 	C:\Windows\system32\apphelp.dll
0x000007fef42b0000 - 0x000007fef43d5000 	C:\Windows\system32\dbghelp.dll

VM Arguments:
jvm_args: -XX:MaxPermSize=256m -XX:+HeapDumpOnOutOfMemoryError -Xmx1024m -Dfile.encoding=windows-1252 -Duser.country=US -Duser.language=en -Duser.variant 
java_command: org.gradle.launcher.daemon.bootstrap.GradleDaemon 3.3
java_class_path (initial): C:\Users\komal\.gradle\wrapper\dists\gradle-3.3-all\55gk2rcmfc6p2dg9u9ohc3hw9\gradle-3.3\lib\gradle-launcher-3.3.jar
Launcher Type: SUN_STANDARD

Environment Variables:
PATH=C:\Program Files (x86)\Intel\iCLS Client\;C:\Program Files\Intel\iCLS Client\;C:\Windows\system32;C:\Windows;C:\Windows\System32\Wbem;C:\Windows\System32\WindowsPowerShell\v1.0\;C:\Program Files (x86)\Intel\OpenCL SDK\2.0\bin\x86;C:\Program Files (x86)\Intel\OpenCL SDK\2.0\bin\x64;C:\Program Files\Intel\Intel(R) Management Engine Components\DAL;C:\Program Files\Intel\Intel(R) Management Engine Components\IPT;C:\Program Files (x86)\Intel\Intel(R) Management Engine Components\DAL;C:\Program Files (x86)\Intel\Intel(R) Management Engine Components\IPT;C:\Program Files\Git\cmd;C:\Program Files\Java\jdk1.8.0_121\bin;
USERNAME=komal
OS=Windows_NT
PROCESSOR_IDENTIFIER=Intel64 Family 6 Model 58 Stepping 9, GenuineIntel



---------------  S Y S T E M  ---------------

OS: Windows 7 , 64 bit Build 7600 (6.1.7600.16385)

CPU:total 4 (2 cores per cpu, 2 threads per core) family 6 model 58 stepping 9, cmov, cx8, fxsr, mmx, sse, sse2, sse3, ssse3, sse4.1, sse4.2, popcnt, clmul, erms, ht, tsc, tscinvbit, tscinv

Memory: 4k page, physical 8080048k(4040464k free), swap 16158200k(11726864k free)

vm_info: OpenJDK 64-Bit Server VM (25.112-b06) for windows-amd64 JRE (1.8.0_112-release-b06), built on Dec  8 2016 00:54:26 by "builder" with MS VC++ 10.0 (VS2010)

time: Wed Jun 07 19:02:25 2017
elapsed time: 908 seconds (0d 0h 15m 8s)

