#
# A fatal error has been detected by the Java Runtime Environment:
#
#  EXCEPTION_ACCESS_VIOLATION (0xc0000005) at pc=0x0000000066a4b75e, pid=5140, tid=0x0000000000000208
#
# JRE version: OpenJDK Runtime Environment (8.0_112-b06) (build 1.8.0_112-release-b06)
# Java VM: OpenJDK 64-Bit Server VM (25.112-b06 mixed mode windows-amd64 compressed oops)
# Problematic frame:
# V  [jvm.dll+0x48b75e]
#
# Failed to write core dump. Minidumps are not enabled by default on client versions of Windows
#
# If you would like to submit a bug report, please visit:
#   http://bugreport.java.com/bugreport/crash.jsp
#

---------------  T H R E A D  ---------------

Current thread (0x000000005513c000):  JavaThread "C2 CompilerThread0" daemon [_thread_in_native, id=520, stack(0x0000000056890000,0x0000000056990000)]

siginfo: ExceptionCode=0xc0000005, reading address 0x0000000000000010

Registers:
RAX=0x0000000000000000, RBX=0x0000000066d82010, RCX=0x0000000066d82010, RDX=0x00000000000000a2
RSP=0x000000005698b7f0, RBP=0x000000005698b830, RSI=0x0000000000000121, RDI=0x0000000000000000
R8 =0x0000000057b3e000, R9 =0x0000000057b3e000, R10=0x0000000057b45030, R11=0x0000000000000001
R12=0x00000000000000a2, R13=0x000000005698bcf0, R14=0x00000000599c1070, R15=0x0000000000000000
RIP=0x0000000066a4b75e, EFLAGS=0x0000000000010246

Top of Stack: (sp=0x000000005698b7f0)
0x000000005698b7f0:   00000000599bde18 0000000056a4d888
0x000000005698b800:   0000000000000119 0000000008000800
0x000000005698b810:   00000700000000a2 0000000000000000
0x000000005698b820:   0000000000000007 0000000057b41830
0x000000005698b830:   00000000550d8090 00000000582b80a0
0x000000005698b840:   00000000550d8090 0000000000000000
0x000000005698b850:   000000005698b960 0000000066a4d718
0x000000005698b860:   000000005698bcf0 0000000000000001
0x000000005698b870:   000000005698bd10 00000000777629ac
0x000000005698b880:   00000000582b80f0 00000000582c0088
0x000000005698b890:   0000000000050298 0000000000000000
0x000000005698b8a0:   0000000000008020 0000000002340000
0x000000005698b8b0:   0000000000008010 0000000066bf4a28
0x000000005698b8c0:   00000000550d8090 0000000000000002
0x000000005698b8d0:   00000000582b80f0 0000000000000001
0x000000005698b8e0:   00000000582b80a0 0000000000008020 

Instructions: (pc=0x0000000066a4b75e)
0x0000000066a4b73e:   ff c8 48 63 f8 0f 88 9c 00 00 00 0f 1f 80 00 00
0x0000000066a4b74e:   00 00 49 8b 46 10 48 8b 1c f8 48 8b cb 48 8b 03
0x0000000066a4b75e:   ff 50 10 84 c0 74 77 4d 8b 8d 98 09 00 00 8b 43
0x0000000066a4b76e:   28 45 39 3c 81 75 67 48 8b 53 10 8b 43 20 4c 8d 


Register to memory mapping:

RAX=0x0000000000000000 is an unknown value
RBX=0x0000000066d82010 is an unknown value
RCX=0x0000000066d82010 is an unknown value
RDX=0x00000000000000a2 is an unknown value
RSP=0x000000005698b7f0 is pointing into the stack for thread: 0x000000005513c000
RBP=0x000000005698b830 is pointing into the stack for thread: 0x000000005513c000
RSI=0x0000000000000121 is an unknown value
RDI=0x0000000000000000 is an unknown value
R8 =0x0000000057b3e000 is an unknown value
R9 =0x0000000057b3e000 is an unknown value
R10=0x0000000057b45030 is an unknown value
R11=0x0000000000000001 is an unknown value
R12=0x00000000000000a2 is an unknown value
R13=0x000000005698bcf0 is pointing into the stack for thread: 0x000000005513c000
R14=0x00000000599c1070 is an unknown value
R15=0x0000000000000000 is an unknown value


Stack: [0x0000000056890000,0x0000000056990000],  sp=0x000000005698b7f0,  free space=1005k
Native frames: (J=compiled Java code, j=interpreted, Vv=VM code, C=native code)
V  [jvm.dll+0x48b75e]
V  [jvm.dll+0x48d718]
V  [jvm.dll+0x43e852]
V  [jvm.dll+0x43fef2]
V  [jvm.dll+0x423242]
V  [jvm.dll+0x80b29]
V  [jvm.dll+0x8145f]
V  [jvm.dll+0x21be7f]
V  [jvm.dll+0x26c13a]
C  [msvcr100.dll+0x21d9f]
C  [msvcr100.dll+0x21e3b]
C  [kernel32.dll+0x1f56d]
C  [ntdll.dll+0x33281]


Current CompileTask:
C2:  18604 2118       4       com.android.dx.ssa.SCCP::simulateStmt (481 bytes)


---------------  P R O C E S S  ---------------

Java Threads: ( => current thread )
  0x0000000056d7b800 JavaThread "pool-1-thread-4" [_thread_blocked, id=1792, stack(0x00000000580b0000,0x00000000581b0000)]
  0x0000000056d75800 JavaThread "pool-1-thread-3" [_thread_in_Java, id=5348, stack(0x0000000057fb0000,0x00000000580b0000)]
  0x0000000056d62800 JavaThread "pool-1-thread-2" [_thread_blocked, id=3548, stack(0x0000000057e20000,0x0000000057f20000)]
  0x0000000056d60000 JavaThread "pool-2-thread-1" [_thread_blocked, id=4628, stack(0x0000000056190000,0x0000000056290000)]
  0x0000000056d5e000 JavaThread "pool-1-thread-1" [_thread_in_Java, id=684, stack(0x0000000057280000,0x0000000057380000)]
  0x00000000569e9800 JavaThread "Service Thread" daemon [_thread_blocked, id=6080, stack(0x0000000057180000,0x0000000057280000)]
  0x00000000569e6800 JavaThread "C1 CompilerThread2" daemon [_thread_blocked, id=5536, stack(0x0000000056fc0000,0x00000000570c0000)]
  0x00000000569e4800 JavaThread "C2 CompilerThread1" daemon [_thread_in_native, id=5796, stack(0x0000000056ea0000,0x0000000056fa0000)]
=>0x000000005513c000 JavaThread "C2 CompilerThread0" daemon [_thread_in_native, id=520, stack(0x0000000056890000,0x0000000056990000)]
  0x000000005514c800 JavaThread "Attach Listener" daemon [_thread_blocked, id=1664, stack(0x00000000566e0000,0x00000000567e0000)]
  0x000000005514a800 JavaThread "Signal Dispatcher" daemon [_thread_blocked, id=5584, stack(0x00000000564d0000,0x00000000565d0000)]
  0x0000000055129000 JavaThread "Finalizer" daemon [_thread_blocked, id=5172, stack(0x0000000012350000,0x0000000012450000)]
  0x00000000550e0000 JavaThread "Reference Handler" daemon [_thread_blocked, id=5460, stack(0x0000000056300000,0x0000000056400000)]
  0x000000000234e000 JavaThread "main" [_thread_blocked, id=5208, stack(0x00000000024c0000,0x00000000025c0000)]

Other Threads:
  0x00000000550d8800 VMThread [stack: 0x0000000056090000,0x0000000056190000] [id=4040]
  0x00000000569eb000 WatcherThread [stack: 0x0000000057380000,0x0000000057480000] [id=4112]

VM state:not at safepoint (normal execution)

VM Mutex/Monitor currently owned by a thread: None

Heap:
 PSYoungGen      total 132096K, used 99953K [0x00000000eab00000, 0x00000000f3100000, 0x0000000100000000)
  eden space 126976K, 74% used [0x00000000eab00000,0x00000000f079fe70,0x00000000f2700000)
  from space 5120K, 99% used [0x00000000f2c00000,0x00000000f30fc8e0,0x00000000f3100000)
  to   space 5120K, 0% used [0x00000000f2700000,0x00000000f2700000,0x00000000f2c00000)
 ParOldGen       total 84992K, used 22755K [0x00000000c0000000, 0x00000000c5300000, 0x00000000eab00000)
  object space 84992K, 26% used [0x00000000c0000000,0x00000000c1638cf0,0x00000000c5300000)
 Metaspace       used 6375K, capacity 7216K, committed 7296K, reserved 1056768K
  class space    used 580K, capacity 616K, committed 640K, reserved 1048576K

Card table byte_map: [0x0000000011c50000,0x0000000011e60000] byte_map_base: 0x0000000011650000

Marking Bits: (ParMarkBitMap*) 0x0000000066d818f0
 Begin Bits: [0x0000000012550000, 0x0000000013550000)
 End Bits:   [0x0000000013550000, 0x0000000014550000)

Polling page: 0x0000000000130000

CodeCache: size=245760Kb used=9488Kb max_used=9505Kb free=236271Kb
 bounds [0x0000000002890000, 0x00000000031e0000, 0x0000000011890000]
 total_blobs=2343 nmethods=2075 adapters=182
 compilation: enabled

Compilation events (10 events):
Event: 18.504 Thread 0x00000000569e6800 2205       2       com.android.dx.rop.code.Rops::opSub (29 bytes)
Event: 18.504 Thread 0x00000000569e6800 nmethod 2205 0x00000000031ca510 code [0x00000000031ca680, 0x00000000031ca828]
Event: 18.508 Thread 0x00000000569e6800 2206       2       com.android.dx.rop.code.SwitchInsn::withNewRegisters (22 bytes)
Event: 18.508 Thread 0x00000000569e6800 nmethod 2206 0x00000000031ca0d0 code [0x00000000031ca240, 0x00000000031ca428]
Event: 18.579 Thread 0x00000000569e6800 2209   !   2       com.android.dx.command.dexer.Main$ClassDefItemConsumer::call (177 bytes)
Event: 18.580 Thread 0x00000000569e6800 nmethod 2209 0x00000000031c8d10 code [0x00000000031c8f00, 0x00000000031c9878]
Event: 18.580 Thread 0x00000000569e6800 2210       2       com.android.dx.cf.attrib.AttInnerClasses::byteLength (14 bytes)
Event: 18.580 Thread 0x00000000569e6800 nmethod 2210 0x00000000031c8990 code [0x00000000031c8ae0, 0x00000000031c8c50]
Event: 18.589 Thread 0x00000000569e6800 2211   !   2       com.android.dx.rop.cst.CstType::intern (48 bytes)
Event: 18.590 Thread 0x00000000569e6800 nmethod 2211 0x00000000031c7dd0 code [0x00000000031c7f80, 0x00000000031c8468]

GC Heap History (8 events):
Event: 4.633 GC heap before
{Heap before GC invocations=1 (full 0):
 PSYoungGen      total 36864K, used 31744K [0x00000000eab00000, 0x00000000ed400000, 0x0000000100000000)
  eden space 31744K, 100% used [0x00000000eab00000,0x00000000eca00000,0x00000000eca00000)
  from space 5120K, 0% used [0x00000000ecf00000,0x00000000ecf00000,0x00000000ed400000)
  to   space 5120K, 0% used [0x00000000eca00000,0x00000000eca00000,0x00000000ecf00000)
 ParOldGen       total 84992K, used 0K [0x00000000c0000000, 0x00000000c5300000, 0x00000000eab00000)
  object space 84992K, 0% used [0x00000000c0000000,0x00000000c0000000,0x00000000c5300000)
 Metaspace       used 5900K, capacity 6832K, committed 7040K, reserved 1056768K
  class space    used 573K, capacity 616K, committed 640K, reserved 1048576K
Event: 4.694 GC heap after
Heap after GC invocations=1 (full 0):
 PSYoungGen      total 36864K, used 5100K [0x00000000eab00000, 0x00000000ef300000, 0x0000000100000000)
  eden space 31744K, 0% used [0x00000000eab00000,0x00000000eab00000,0x00000000eca00000)
  from space 5120K, 99% used [0x00000000eca00000,0x00000000ecefb148,0x00000000ecf00000)
  to   space 5120K, 0% used [0x00000000eee00000,0x00000000eee00000,0x00000000ef300000)
 ParOldGen       total 84992K, used 211K [0x00000000c0000000, 0x00000000c5300000, 0x00000000eab00000)
  object space 84992K, 0% used [0x00000000c0000000,0x00000000c0034f48,0x00000000c5300000)
 Metaspace       used 5900K, capacity 6832K, committed 7040K, reserved 1056768K
  class space    used 573K, capacity 616K, committed 640K, reserved 1048576K
}
Event: 5.451 GC heap before
{Heap before GC invocations=2 (full 0):
 PSYoungGen      total 36864K, used 36844K [0x00000000eab00000, 0x00000000ef300000, 0x0000000100000000)
  eden space 31744K, 100% used [0x00000000eab00000,0x00000000eca00000,0x00000000eca00000)
  from space 5120K, 99% used [0x00000000eca00000,0x00000000ecefb148,0x00000000ecf00000)
  to   space 5120K, 0% used [0x00000000eee00000,0x00000000eee00000,0x00000000ef300000)
 ParOldGen       total 84992K, used 211K [0x00000000c0000000, 0x00000000c5300000, 0x00000000eab00000)
  object space 84992K, 0% used [0x00000000c0000000,0x00000000c0034f48,0x00000000c5300000)
 Metaspace       used 6087K, capacity 7024K, committed 7296K, reserved 1056768K
  class space    used 578K, capacity 616K, committed 640K, reserved 1048576K
Event: 5.611 GC heap after
Heap after GC invocations=2 (full 0):
 PSYoungGen      total 68608K, used 5106K [0x00000000eab00000, 0x00000000ef300000, 0x0000000100000000)
  eden space 63488K, 0% used [0x00000000eab00000,0x00000000eab00000,0x00000000ee900000)
  from space 5120K, 99% used [0x00000000eee00000,0x00000000ef2fc8e0,0x00000000ef300000)
  to   space 5120K, 0% used [0x00000000ee900000,0x00000000ee900000,0x00000000eee00000)
 ParOldGen       total 84992K, used 2876K [0x00000000c0000000, 0x00000000c5300000, 0x00000000eab00000)
  object space 84992K, 3% used [0x00000000c0000000,0x00000000c02cf3a8,0x00000000c5300000)
 Metaspace       used 6087K, capacity 7024K, committed 7296K, reserved 1056768K
  class space    used 578K, capacity 616K, committed 640K, reserved 1048576K
}
Event: 9.657 GC heap before
{Heap before GC invocations=3 (full 0):
 PSYoungGen      total 68608K, used 68594K [0x00000000eab00000, 0x00000000ef300000, 0x0000000100000000)
  eden space 63488K, 100% used [0x00000000eab00000,0x00000000ee900000,0x00000000ee900000)
  from space 5120K, 99% used [0x00000000eee00000,0x00000000ef2fc8e0,0x00000000ef300000)
  to   space 5120K, 0% used [0x00000000ee900000,0x00000000ee900000,0x00000000eee00000)
 ParOldGen       total 84992K, used 2876K [0x00000000c0000000, 0x00000000c5300000, 0x00000000eab00000)
  object space 84992K, 3% used [0x00000000c0000000,0x00000000c02cf3a8,0x00000000c5300000)
 Metaspace       used 6239K, capacity 7088K, committed 7296K, reserved 1056768K
  class space    used 580K, capacity 616K, committed 640K, reserved 1048576K
Event: 9.859 GC heap after
Heap after GC invocations=3 (full 0):
 PSYoungGen      total 68608K, used 5118K [0x00000000eab00000, 0x00000000f3100000, 0x0000000100000000)
  eden space 63488K, 0% used [0x00000000eab00000,0x00000000eab00000,0x00000000ee900000)
  from space 5120K, 99% used [0x00000000ee900000,0x00000000eedffb38,0x00000000eee00000)
  to   space 5120K, 0% used [0x00000000f2c00000,0x00000000f2c00000,0x00000000f3100000)
 ParOldGen       total 84992K, used 12662K [0x00000000c0000000, 0x00000000c5300000, 0x00000000eab00000)
  object space 84992K, 14% used [0x00000000c0000000,0x00000000c0c5db08,0x00000000c5300000)
 Metaspace       used 6239K, capacity 7088K, committed 7296K, reserved 1056768K
  class space    used 580K, capacity 616K, committed 640K, reserved 1048576K
}
Event: 14.131 GC heap before
{Heap before GC invocations=4 (full 0):
 PSYoungGen      total 68608K, used 68606K [0x00000000eab00000, 0x00000000f3100000, 0x0000000100000000)
  eden space 63488K, 100% used [0x00000000eab00000,0x00000000ee900000,0x00000000ee900000)
  from space 5120K, 99% used [0x00000000ee900000,0x00000000eedffb38,0x00000000eee00000)
  to   space 5120K, 0% used [0x00000000f2c00000,0x00000000f2c00000,0x00000000f3100000)
 ParOldGen       total 84992K, used 12662K [0x00000000c0000000, 0x00000000c5300000, 0x00000000eab00000)
  object space 84992K, 14% used [0x00000000c0000000,0x00000000c0c5db08,0x00000000c5300000)
 Metaspace       used 6306K, capacity 7152K, committed 7296K, reserved 1056768K
  class space    used 580K, capacity 616K, committed 640K, reserved 1048576K
Event: 15.917 GC heap after
Heap after GC invocations=4 (full 0):
 PSYoungGen      total 132096K, used 5106K [0x00000000eab00000, 0x00000000f3100000, 0x0000000100000000)
  eden space 126976K, 0% used [0x00000000eab00000,0x00000000eab00000,0x00000000f2700000)
  from space 5120K, 99% used [0x00000000f2c00000,0x00000000f30fc8e0,0x00000000f3100000)
  to   space 5120K, 0% used [0x00000000f2700000,0x00000000f2700000,0x00000000f2c00000)
 ParOldGen       total 84992K, used 22755K [0x00000000c0000000, 0x00000000c5300000, 0x00000000eab00000)
  object space 84992K, 26% used [0x00000000c0000000,0x00000000c1638cf0,0x00000000c5300000)
 Metaspace       used 6306K, capacity 7152K, committed 7296K, reserved 1056768K
  class space    used 580K, capacity 616K, committed 640K, reserved 1048576K
}

Deoptimization events (10 events):
Event: 17.821 Thread 0x0000000056d7b800 Uncommon trap: reason=bimorphic action=maybe_recompile pc=0x00000000030799b8 method=com.android.dx.cf.code.Merger.mergeType(Lcom/android/dx/rop/type/TypeBearer;Lcom/android/dx/rop/type/TypeBearer;)Lcom/android/dx/rop/type/TypeBearer; @ 21
Event: 17.823 Thread 0x0000000056d7b800 Uncommon trap: reason=bimorphic action=maybe_recompile pc=0x0000000002f2b76c method=com.android.dx.rop.code.RegisterSpec.withSimpleType()Lcom/android/dx/rop/code/RegisterSpec; @ 21
Event: 17.824 Thread 0x0000000056d7b800 Uncommon trap: reason=bimorphic action=maybe_recompile pc=0x0000000002f2b76c method=com.android.dx.rop.code.RegisterSpec.withSimpleType()Lcom/android/dx/rop/code/RegisterSpec; @ 21
Event: 17.901 Thread 0x0000000056d7b800 Uncommon trap: reason=bimorphic action=maybe_recompile pc=0x00000000030799b8 method=com.android.dx.cf.code.Merger.mergeType(Lcom/android/dx/rop/type/TypeBearer;Lcom/android/dx/rop/type/TypeBearer;)Lcom/android/dx/rop/type/TypeBearer; @ 21
Event: 17.933 Thread 0x0000000056d7b800 Uncommon trap: reason=bimorphic action=maybe_recompile pc=0x0000000003106e00 method=com.android.dx.cf.code.BytecodeArray.parseInstruction(ILcom/android/dx/cf/code/BytecodeArray$Visitor;)I @ 1287
Event: 17.933 Thread 0x0000000056d7b800 Uncommon trap: reason=bimorphic action=maybe_recompile pc=0x0000000003106e00 method=com.android.dx.cf.code.BytecodeArray.parseInstruction(ILcom/android/dx/cf/code/BytecodeArray$Visitor;)I @ 1287
Event: 18.447 Thread 0x0000000056d5e000 Uncommon trap: reason=bimorphic action=maybe_recompile pc=0x000000000315f328 method=java.util.HashMap.putVal(ILjava/lang/Object;Ljava/lang/Object;ZZ)Ljava/lang/Object; @ 203
Event: 18.447 Thread 0x0000000056d5e000 Uncommon trap: reason=bimorphic action=maybe_recompile pc=0x000000000315f328 method=java.util.HashMap.putVal(ILjava/lang/Object;Ljava/lang/Object;ZZ)Ljava/lang/Object; @ 203
Event: 18.447 Thread 0x0000000056d5e000 Uncommon trap: reason=bimorphic action=maybe_recompile pc=0x000000000315f328 method=java.util.HashMap.putVal(ILjava/lang/Object;Ljava/lang/Object;ZZ)Ljava/lang/Object; @ 203
Event: 18.471 Thread 0x0000000056d5e000 Uncommon trap: reason=bimorphic action=maybe_recompile pc=0x00000000030799b8 method=com.android.dx.cf.code.Merger.mergeType(Lcom/android/dx/rop/type/TypeBearer;Lcom/android/dx/rop/type/TypeBearer;)Lcom/android/dx/rop/type/TypeBearer; @ 21

Internal exceptions (4 events):
Event: 0.473 Thread 0x000000000234e000 Exception <a 'java/lang/NoSuchMethodError': Method sun.misc.Unsafe.defineClass(Ljava/lang/String;[BII)Ljava/lang/Class; name or signature does not match> (0x00000000eab07c78) thrown at [C:\src\android\AOSP-openjdk\external\jetbrains\jdk\hotspot\src\share\vü±”nîKÞ?
Event: 0.473 Thread 0x000000000234e000 Exception <a 'java/lang/NoSuchMethodError': Method sun.misc.Unsafe.prefetchRead(Ljava/lang/Object;J)V name or signature does not match> (0x00000000eab07f60) thrown at [C:\src\android\AOSP-openjdk\external\jetbrains\jdk\hotspot\src\share\vm\prims\jni.cpp, lû	¯j@
Event: 4.523 Thread 0x0000000056d7b800 Implicit null exception at 0x0000000002c1b292 to 0x0000000002c1b391
Event: 8.606 Thread 0x0000000056d7b800 Implicit null exception at 0x0000000002fd30cc to 0x0000000002fd7b4d

Events (10 events):
Event: 18.447 Thread 0x0000000056d5e000 DEOPT PACKING pc=0x000000000315f328 sp=0x000000005737e7f0
Event: 18.447 Thread 0x0000000056d5e000 DEOPT UNPACKING pc=0x00000000028d556a sp=0x000000005737e778 mode 2
Event: 18.447 Thread 0x0000000056d5e000 Uncommon trap: trap_request=0xffffffc6 fr.pc=0x000000000315f328
Event: 18.447 Thread 0x0000000056d5e000 DEOPT PACKING pc=0x000000000315f328 sp=0x000000005737e7f0
Event: 18.447 Thread 0x0000000056d5e000 DEOPT UNPACKING pc=0x00000000028d556a sp=0x000000005737e778 mode 2
Event: 18.471 Thread 0x0000000056d5e000 Uncommon trap: trap_request=0xffffffc6 fr.pc=0x00000000030799b8
Event: 18.471 Thread 0x0000000056d5e000 DEOPT PACKING pc=0x00000000030799b8 sp=0x000000005737e8a0
Event: 18.471 Thread 0x0000000056d5e000 DEOPT UNPACKING pc=0x00000000028d556a sp=0x000000005737e830 mode 2
Event: 18.576 Thread 0x0000000056d62800 DEOPT PACKING pc=0x0000000002d23ba4 sp=0x0000000057f1e920
Event: 18.576 Thread 0x0000000056d62800 DEOPT UNPACKING pc=0x00000000028d71bf sp=0x0000000057f1e708 mode 0


Dynamic libraries:
0x000000013fae0000 - 0x000000013fb11000 	C:\Program Files\Android\Android Studio\jre\bin\java.exe
0x0000000077710000 - 0x00000000778bb000 	C:\Windows\SYSTEM32\ntdll.dll
0x00000000774f0000 - 0x000000007760f000 	C:\Windows\system32\kernel32.dll
0x000007fefd9d0000 - 0x000007fefda3b000 	C:\Windows\system32\KERNELBASE.dll
0x000007fefdca0000 - 0x000007fefdd7b000 	C:\Windows\system32\ADVAPI32.dll
0x000007fefdd80000 - 0x000007fefde1f000 	C:\Windows\system32\msvcrt.dll
0x000007feff5f0000 - 0x000007feff60f000 	C:\Windows\SYSTEM32\sechost.dll
0x000007feff820000 - 0x000007feff94e000 	C:\Windows\system32\RPCRT4.dll
0x0000000077610000 - 0x000000007770a000 	C:\Windows\system32\USER32.dll
0x000007fefe2c0000 - 0x000007fefe327000 	C:\Windows\system32\GDI32.dll
0x000007fefde20000 - 0x000007fefde2e000 	C:\Windows\system32\LPK.dll
0x000007feff950000 - 0x000007feffa1a000 	C:\Windows\system32\USP10.dll
0x000007fefc040000 - 0x000007fefc234000 	C:\Windows\WinSxS\amd64_microsoft.windows.common-controls_6595b64144ccf1df_6.0.7600.16385_none_fa645303170382f6\COMCTL32.dll
0x000007fefe0c0000 - 0x000007fefe131000 	C:\Windows\system32\SHLWAPI.dll
0x000007fefde30000 - 0x000007fefde5e000 	C:\Windows\system32\IMM32.DLL
0x000007feff440000 - 0x000007feff549000 	C:\Windows\system32\MSCTF.dll
0x0000000074070000 - 0x0000000074142000 	C:\Program Files\Android\Android Studio\jre\jre\bin\msvcr100.dll
0x00000000665c0000 - 0x0000000066dfc000 	C:\Program Files\Android\Android Studio\jre\jre\bin\server\jvm.dll
0x000007fef0d60000 - 0x000007fef0d69000 	C:\Windows\system32\WSOCK32.dll
0x000007fefe140000 - 0x000007fefe18d000 	C:\Windows\system32\WS2_32.dll
0x000007feff240000 - 0x000007feff248000 	C:\Windows\system32\NSI.dll
0x000007fefb5b0000 - 0x000007fefb5eb000 	C:\Windows\system32\WINMM.dll
0x000007fefc7e0000 - 0x000007fefc7ec000 	C:\Windows\system32\VERSION.dll
0x00000000778e0000 - 0x00000000778e7000 	C:\Windows\system32\PSAPI.DLL
0x000007fef0fd0000 - 0x000007fef0fdf000 	C:\Program Files\Android\Android Studio\jre\jre\bin\verify.dll
0x000007feef9a0000 - 0x000007feef9c9000 	C:\Program Files\Android\Android Studio\jre\jre\bin\java.dll
0x000007feef9e0000 - 0x000007feef9f6000 	C:\Program Files\Android\Android Studio\jre\jre\bin\zip.dll
0x000007fefe3d0000 - 0x000007feff156000 	C:\Windows\system32\SHELL32.dll
0x000007feff610000 - 0x000007feff811000 	C:\Windows\system32\ole32.dll
0x000007fefd670000 - 0x000007fefd67f000 	C:\Windows\system32\profapi.dll
0x000007fef49e0000 - 0x000007fef4b05000 	C:\Windows\system32\dbghelp.dll

VM Arguments:
jvm_args: -Djava.awt.headless=true -Xmx1024M -Dfile.encoding=windows-1252 -Duser.country=US -Duser.language=en -Duser.variant 
java_command: com.android.dx.command.Main --dex --num-threads=4 --output D:\Komal\New Hafale\Workspace\Hafele\hafele\build\intermediates\pre-dexed\debug\com.android.support-support-v4-20.0.0_595b9eb2127436efdd5d1854558a85e7a5b1d6b2.jar D:\Komal\New Hafale\Workspace\Hafele\hafele\build\intermediates\exploded-aar\com.android.support\support-v4\20.0.0\jars\classes.jar
java_class_path (initial): C:\Users\komal\AppData\Local\Android\Sdk\build-tools\25.0.2\lib\dx.jar
Launcher Type: SUN_STANDARD

Environment Variables:
PATH=C:\Program Files (x86)\Intel\iCLS Client\;C:\Program Files\Intel\iCLS Client\;C:\Windows\system32;C:\Windows;C:\Windows\System32\Wbem;C:\Windows\System32\WindowsPowerShell\v1.0\;C:\Program Files (x86)\Intel\OpenCL SDK\2.0\bin\x86;C:\Program Files (x86)\Intel\OpenCL SDK\2.0\bin\x64;C:\Program Files\Intel\Intel(R) Management Engine Components\DAL;C:\Program Files\Intel\Intel(R) Management Engine Components\IPT;C:\Program Files (x86)\Intel\Intel(R) Management Engine Components\DAL;C:\Program Files (x86)\Intel\Intel(R) Management Engine Components\IPT;C:\Program Files\Git\cmd;C:\Program Files\Java\jdk1.8.0_121\bin;
USERNAME=komal
OS=Windows_NT
PROCESSOR_IDENTIFIER=Intel64 Family 6 Model 58 Stepping 9, GenuineIntel



---------------  S Y S T E M  ---------------

OS: Windows 7 , 64 bit Build 7600 (6.1.7600.16385)

CPU:total 4 (2 cores per cpu, 2 threads per core) family 6 model 58 stepping 9, cmov, cx8, fxsr, mmx, sse, sse2, sse3, ssse3, sse4.1, sse4.2, popcnt, clmul, erms, ht, tsc, tscinvbit, tscinv

Memory: 4k page, physical 8080048k(2643552k free), swap 16158200k(8811816k free)

vm_info: OpenJDK 64-Bit Server VM (25.112-b06) for windows-amd64 JRE (1.8.0_112-release-b06), built on Dec  8 2016 00:54:26 by "builder" with MS VC++ 10.0 (VS2010)

time: Fri May 05 14:07:23 2017
elapsed time: 18 seconds (0d 0h 0m 18s)

