#
# A fatal error has been detected by the Java Runtime Environment:
#
#  EXCEPTION_ACCESS_VIOLATION (0xc0000005) at pc=0x0000000066b294bc, pid=4908, tid=0x000000000000086c
#
# JRE version: OpenJDK Runtime Environment (8.0_112-b06) (build 1.8.0_112-release-b06)
# Java VM: OpenJDK 64-Bit Server VM (25.112-b06 mixed mode windows-amd64 compressed oops)
# Problematic frame:
# V  [jvm.dll+0x5694bc]
#
# Failed to write core dump. Minidumps are not enabled by default on client versions of Windows
#
# If you would like to submit a bug report, please visit:
#   http://bugreport.java.com/bugreport/crash.jsp
#

---------------  T H R E A D  ---------------

Current thread (0x0000000056da5800):  JavaThread "C2 CompilerThread1" daemon [_thread_in_native, id=2156, stack(0x00000000564d0000,0x00000000565d0000)]

siginfo: ExceptionCode=0xc0000005, reading address 0x000000000000002c

Registers:
RAX=0x0000000000000001, RBX=0x0000000000000019, RCX=0x0000000000000000, RDX=0x0000000000000000
RSP=0x00000000565cbed0, RBP=0x0000000000000000, RSI=0x0000000056f2fa80, RDI=0x0000000000000000
R8 =0x0000000066d59de0, R9 =0x0000000000000000, R10=0x000000000000000e, R11=0x00000000565cc1e0
R12=0x00000000565cc1e0, R13=0x00000000586a9d28, R14=0x0000000000000000, R15=0x00000000584f5a00
RIP=0x0000000066b294bc, EFLAGS=0x0000000000010202

Top of Stack: (sp=0x00000000565cbed0)
0x00000000565cbed0:   00000000000000c8 0000000066a145b9
0x00000000565cbee0:   00000000584f5b80 0000000066c50b01
0x00000000565cbef0:   0000000000000001 0000000056f2fa80
0x00000000565cbf00:   0000000000000040 0000000066a7e575
0x00000000565cbf10:   000000005860f540 00000000586a98a0
0x00000000565cbf20:   00000000584f5b80 00000000584f5b80
0x00000000565cbf30:   0000000000000002 0000000066a14691
0x00000000565cbf40:   00000000565cc1e0 00000000584f5b80
0x00000000565cbf50:   00000000584f5b80 0000000000000000
0x00000000565cbf60:   000000005704e530 00000000585c8458
0x00000000565cbf70:   0000000057867d10 0000000066a2c241
0x00000000565cbf80:   0000000057867dd0 0000000000000002
0x00000000565cbf90:   00000000565cc1e0 0000000000000010
0x00000000565cbfa0:   00000000584f5b80 00000002565cc100
0x00000000565cbfb0:   000000005704e440 0000000000000002
0x00000000565cbfc0:   000000005704e440 0000000000000010 

Instructions: (pc=0x0000000066b294bc)
0x0000000066b2949c:   83 c4 20 41 5f 41 5e 41 5d 41 5c 5f c3 cc cc cc
0x0000000066b294ac:   cc cc cc cc 40 57 41 8b 40 2c 44 8b ca 48 8b f9
0x0000000066b294bc:   85 41 2c 74 6f 41 8b 40 30 85 c0 74 67 4d 8b 50
0x0000000066b294cc:   38 48 89 5c 24 10 8b d8 41 80 7a 0c 00 75 47 8b 


Register to memory mapping:

RAX=0x0000000000000001 is an unknown value
RBX=0x0000000000000019 is an unknown value
RCX=0x0000000000000000 is an unknown value
RDX=0x0000000000000000 is an unknown value
RSP=0x00000000565cbed0 is pointing into the stack for thread: 0x0000000056da5800
RBP=0x0000000000000000 is an unknown value
RSI=0x0000000056f2fa80 is an unknown value
RDI=0x0000000000000000 is an unknown value
R8 =0x0000000066d59de0 is an unknown value
R9 =0x0000000000000000 is an unknown value
R10=0x000000000000000e is an unknown value
R11=0x00000000565cc1e0 is pointing into the stack for thread: 0x0000000056da5800
R12=0x00000000565cc1e0 is pointing into the stack for thread: 0x0000000056da5800
R13=0x00000000586a9d28 is an unknown value
R14=0x0000000000000000 is an unknown value
R15=0x00000000584f5a00 is an unknown value


Stack: [0x00000000564d0000,0x00000000565d0000],  sp=0x00000000565cbed0,  free space=1007k
Native frames: (J=compiled Java code, j=interpreted, Vv=VM code, C=native code)


Current CompileTask:
C2:   6374 1393   !   4       com.android.dx.cf.cst.ConstantPoolParser::parse0 (731 bytes)


---------------  P R O C E S S  ---------------

Java Threads: ( => current thread )
  0x0000000057065000 JavaThread "pool-1-thread-4" [_thread_blocked, id=5484, stack(0x0000000058360000,0x0000000058460000)]
  0x0000000056fec000 JavaThread "pool-1-thread-3" [_thread_blocked, id=604, stack(0x0000000058210000,0x0000000058310000)]
  0x000000005705f000 JavaThread "pool-1-thread-2" [_thread_blocked, id=5452, stack(0x0000000057ed0000,0x0000000057fd0000)]
  0x000000005705e000 JavaThread "pool-2-thread-1" [_thread_blocked, id=1584, stack(0x0000000058050000,0x0000000058150000)]
  0x0000000056fa7800 JavaThread "pool-1-thread-1" [_thread_blocked, id=5880, stack(0x0000000057dc0000,0x0000000057ec0000)]
  0x0000000056daa000 JavaThread "Service Thread" daemon [_thread_blocked, id=5236, stack(0x0000000057480000,0x0000000057580000)]
  0x0000000056da9000 JavaThread "C1 CompilerThread2" daemon [_thread_blocked, id=5680, stack(0x0000000057210000,0x0000000057310000)]
=>0x0000000056da5800 JavaThread "C2 CompilerThread1" daemon [_thread_in_native, id=2156, stack(0x00000000564d0000,0x00000000565d0000)]
  0x0000000055354800 JavaThread "C2 CompilerThread0" daemon [_thread_blocked, id=1176, stack(0x0000000056c50000,0x0000000056d50000)]
  0x0000000055351000 JavaThread "Attach Listener" daemon [_thread_blocked, id=5420, stack(0x0000000056a60000,0x0000000056b60000)]
  0x000000005534f000 JavaThread "Signal Dispatcher" daemon [_thread_blocked, id=4320, stack(0x0000000056830000,0x0000000056930000)]
  0x0000000055337000 JavaThread "Finalizer" daemon [_thread_blocked, id=4184, stack(0x0000000056680000,0x0000000056780000)]
  0x00000000552f0000 JavaThread "Reference Handler" daemon [_thread_blocked, id=5300, stack(0x00000000562c0000,0x00000000563c0000)]
  0x00000000003fe000 JavaThread "main" [_thread_blocked, id=4496, stack(0x0000000002560000,0x0000000002660000)]

Other Threads:
  0x00000000552e8800 VMThread [stack: 0x00000000563d0000,0x00000000564d0000] [id=4940]
  0x0000000056dab000 WatcherThread [stack: 0x0000000057310000,0x0000000057410000] [id=5288]

VM state:not at safepoint (normal execution)

VM Mutex/Monitor currently owned by a thread: None

Heap:
 PSYoungGen      total 36864K, used 15309K [0x00000000eab00000, 0x00000000ef300000, 0x0000000100000000)
  eden space 31744K, 32% used [0x00000000eab00000,0x00000000eb4f8c60,0x00000000eca00000)
  from space 5120K, 99% used [0x00000000eca00000,0x00000000ecefa8e0,0x00000000ecf00000)
  to   space 5120K, 0% used [0x00000000eee00000,0x00000000eee00000,0x00000000ef300000)
 ParOldGen       total 84992K, used 947K [0x00000000c0000000, 0x00000000c5300000, 0x00000000eab00000)
  object space 84992K, 1% used [0x00000000c0000000,0x00000000c00ece00,0x00000000c5300000)
 Metaspace       used 6027K, capacity 7024K, committed 7296K, reserved 1056768K
  class space    used 573K, capacity 616K, committed 640K, reserved 1048576K

Card table byte_map: [0x0000000011cf0000,0x0000000011f00000] byte_map_base: 0x00000000116f0000

Marking Bits: (ParMarkBitMap*) 0x0000000066d818f0
 Begin Bits: [0x0000000012760000, 0x0000000013760000)
 End Bits:   [0x0000000013760000, 0x0000000014760000)

Polling page: 0x0000000000130000

CodeCache: size=245760Kb used=5862Kb max_used=5874Kb free=239897Kb
 bounds [0x0000000002930000, 0x0000000002f00000, 0x0000000011930000]
 total_blobs=1668 nmethods=1400 adapters=182
 compilation: enabled

Compilation events (10 events):
Event: 6.308 Thread 0x0000000056da9000 1397       3       java.lang.String::lastIndexOf (151 bytes)
Event: 6.309 Thread 0x0000000056da9000 nmethod 1397 0x0000000002ed8a10 code [0x0000000002ed8bc0, 0x0000000002ed9110]
Event: 6.309 Thread 0x0000000056da9000 1398       3       com.android.dx.cf.direct.StdAttributeFactory::lineNumberTable (204 bytes)
Event: 6.309 Thread 0x0000000055354800 1399       4       com.android.dx.ssa.back.FirstFitLocalCombiningAllocator::getParameterIndexForReg (55 bytes)
Event: 6.311 Thread 0x0000000056da9000 nmethod 1398 0x0000000002eeced0 code [0x0000000002eed380, 0x0000000002eeffd8]
Event: 6.313 Thread 0x0000000055354800 nmethod 1399 0x0000000002ed8250 code [0x0000000002ed83c0, 0x0000000002ed86a8]
Event: 6.314 Thread 0x0000000055354800 1400   !   4       com.android.dx.cf.code.BaseMachine::arg (36 bytes)
Event: 6.314 Thread 0x0000000055354800 nmethod 1400 0x0000000002ed7f90 code [0x0000000002ed80c0, 0x0000000002ed8158]
Event: 6.315 Thread 0x0000000055354800 1401       4       com.android.dx.ssa.SsaMethod::getUseListCopy (56 bytes)
Event: 6.322 Thread 0x0000000055354800 nmethod 1401 0x0000000002eda510 code [0x0000000002eda680, 0x0000000002edac08]

GC Heap History (2 events):
Event: 2.497 GC heap before
{Heap before GC invocations=1 (full 0):
 PSYoungGen      total 36864K, used 31744K [0x00000000eab00000, 0x00000000ed400000, 0x0000000100000000)
  eden space 31744K, 100% used [0x00000000eab00000,0x00000000eca00000,0x00000000eca00000)
  from space 5120K, 0% used [0x00000000ecf00000,0x00000000ecf00000,0x00000000ed400000)
  to   space 5120K, 0% used [0x00000000eca00000,0x00000000eca00000,0x00000000ecf00000)
 ParOldGen       total 84992K, used 0K [0x00000000c0000000, 0x00000000c5300000, 0x00000000eab00000)
  object space 84992K, 0% used [0x00000000c0000000,0x00000000c0000000,0x00000000c5300000)
 Metaspace       used 5910K, capacity 6896K, committed 7040K, reserved 1056768K
  class space    used 573K, capacity 616K, committed 640K, reserved 1048576K
Event: 3.093 GC heap after
Heap after GC invocations=1 (full 0):
 PSYoungGen      total 36864K, used 5098K [0x00000000eab00000, 0x00000000ef300000, 0x0000000100000000)
  eden space 31744K, 0% used [0x00000000eab00000,0x00000000eab00000,0x00000000eca00000)
  from space 5120K, 99% used [0x00000000eca00000,0x00000000ecefa8e0,0x00000000ecf00000)
  to   space 5120K, 0% used [0x00000000eee00000,0x00000000eee00000,0x00000000ef300000)
 ParOldGen       total 84992K, used 947K [0x00000000c0000000, 0x00000000c5300000, 0x00000000eab00000)
  object space 84992K, 1% used [0x00000000c0000000,0x00000000c00ece00,0x00000000c5300000)
 Metaspace       used 5910K, capacity 6896K, committed 7040K, reserved 1056768K
  class space    used 573K, capacity 616K, committed 640K, reserved 1048576K
}

Deoptimization events (10 events):
Event: 0.895 Thread 0x0000000056fec000 Uncommon trap: reason=class_check action=maybe_recompile pc=0x0000000002bad7e0 method=com.android.dx.ssa.NormalSsaInsn.accept(Lcom/android/dx/ssa/SsaInsn$Visitor;)V @ 9
Event: 0.906 Thread 0x0000000056fec000 Uncommon trap: reason=class_check action=maybe_recompile pc=0x0000000002bad7e0 method=com.android.dx.ssa.NormalSsaInsn.accept(Lcom/android/dx/ssa/SsaInsn$Visitor;)V @ 9
Event: 0.995 Thread 0x00000000003fe000 Uncommon trap: reason=class_check action=maybe_recompile pc=0x0000000002bad7e0 method=com.android.dx.ssa.NormalSsaInsn.accept(Lcom/android/dx/ssa/SsaInsn$Visitor;)V @ 9
Event: 1.010 Thread 0x00000000003fe000 Uncommon trap: reason=class_check action=maybe_recompile pc=0x0000000002bad7e0 method=com.android.dx.ssa.NormalSsaInsn.accept(Lcom/android/dx/ssa/SsaInsn$Visitor;)V @ 9
Event: 2.298 Thread 0x00000000003fe000 Uncommon trap: reason=unstable_if action=reinterpret pc=0x0000000002caa610 method=java.lang.String.<init>([CII)V @ 18
Event: 2.315 Thread 0x0000000057065000 Uncommon trap: reason=null_check action=make_not_entrant pc=0x0000000002c29194 method=com.android.dx.ssa.SsaRenamer.getLocalForNewReg(I)Lcom/android/dx/rop/code/LocalItem; @ 19
Event: 2.389 Thread 0x0000000057065000 Uncommon trap: reason=unstable_if action=reinterpret pc=0x0000000002d25044 method=com.android.dx.rop.cst.Constant.compareTo(Lcom/android/dx/rop/cst/Constant;)I @ 12
Event: 2.419 Thread 0x00000000003fe000 Uncommon trap: reason=unstable_if action=reinterpret pc=0x0000000002db168c method=com.android.dx.ssa.SsaMethod.updateOneDefinition(Lcom/android/dx/ssa/SsaInsn;Lcom/android/dx/rop/code/RegisterSpec;)V @ 4
Event: 2.447 Thread 0x000000005705f000 Uncommon trap: reason=unstable_if action=reinterpret pc=0x0000000002c72a9c method=com.android.dx.rop.code.RegisterSpecSet.put(Lcom/android/dx/rop/code/RegisterSpec;)V @ 77
Event: 2.447 Thread 0x000000005705f000 Uncommon trap: reason=unstable_if action=reinterpret pc=0x0000000002d10798 method=com.android.dx.rop.code.RegisterSpecSet.put(Lcom/android/dx/rop/code/RegisterSpec;)V @ 77

Internal exceptions (3 events):
Event: 0.036 Thread 0x00000000003fe000 Exception <a 'java/lang/NoSuchMethodError': Method sun.misc.Unsafe.defineClass(Ljava/lang/String;[BII)Ljava/lang/Class; name or signature does not match> (0x00000000eab07c78) thrown at [C:\src\android\AOSP-openjdk\external\jetbrains\jdk\hotspot\src\share\vÄvÊ>Lè¢?
Event: 0.036 Thread 0x00000000003fe000 Exception <a 'java/lang/NoSuchMethodError': Method sun.misc.Unsafe.prefetchRead(Ljava/lang/Object;J)V name or signature does not match> (0x00000000eab07f60) thrown at [C:\src\android\AOSP-openjdk\external\jetbrains\jdk\hotspot\src\share\vm\prims\jni.cpp, lﬁìñÆÑ@
Event: 2.315 Thread 0x0000000057065000 Implicit null exception at 0x0000000002c262fd to 0x0000000002c29151

Events (10 events):
Event: 2.447 Thread 0x000000005705f000 DEOPT UNPACKING pc=0x000000000297556a sp=0x0000000057fce818 mode 2
Event: 2.447 Thread 0x000000005705f000 Uncommon trap: trap_request=0xffffff65 fr.pc=0x0000000002d10798
Event: 2.447 Thread 0x000000005705f000 DEOPT PACKING pc=0x0000000002d10798 sp=0x0000000057fce880
Event: 2.447 Thread 0x000000005705f000 DEOPT UNPACKING pc=0x000000000297556a sp=0x0000000057fce7a0 mode 2
Event: 2.457 loading class com/android/dx/cf/code/SwitchList
Event: 2.457 loading class com/android/dx/cf/code/SwitchList done
Event: 2.483 Executing VM operation: ParallelGCFailedAllocation
Event: 3.094 Executing VM operation: ParallelGCFailedAllocation done
Event: 4.267 Executing VM operation: EnableBiasedLocking
Event: 4.267 Executing VM operation: EnableBiasedLocking done


Dynamic libraries:
0x000000013fae0000 - 0x000000013fb11000 	C:\Program Files\Android\Android Studio\jre\bin\java.exe
0x0000000077710000 - 0x00000000778bb000 	C:\Windows\SYSTEM32\ntdll.dll
0x00000000774f0000 - 0x000000007760f000 	C:\Windows\system32\kernel32.dll
0x000007fefd9d0000 - 0x000007fefda3b000 	C:\Windows\system32\KERNELBASE.dll
0x000007fefdca0000 - 0x000007fefdd7b000 	C:\Windows\system32\ADVAPI32.dll
0x000007fefdd80000 - 0x000007fefde1f000 	C:\Windows\system32\msvcrt.dll
0x000007feff5f0000 - 0x000007feff60f000 	C:\Windows\SYSTEM32\sechost.dll
0x000007feff820000 - 0x000007feff94e000 	C:\Windows\system32\RPCRT4.dll
0x0000000077610000 - 0x000000007770a000 	C:\Windows\system32\USER32.dll
0x000007fefe2c0000 - 0x000007fefe327000 	C:\Windows\system32\GDI32.dll
0x000007fefde20000 - 0x000007fefde2e000 	C:\Windows\system32\LPK.dll
0x000007feff950000 - 0x000007feffa1a000 	C:\Windows\system32\USP10.dll
0x000007fefc040000 - 0x000007fefc234000 	C:\Windows\WinSxS\amd64_microsoft.windows.common-controls_6595b64144ccf1df_6.0.7600.16385_none_fa645303170382f6\COMCTL32.dll
0x000007fefe0c0000 - 0x000007fefe131000 	C:\Windows\system32\SHLWAPI.dll
0x000007fefde30000 - 0x000007fefde5e000 	C:\Windows\system32\IMM32.DLL
0x000007feff440000 - 0x000007feff549000 	C:\Windows\system32\MSCTF.dll
0x0000000074070000 - 0x0000000074142000 	C:\Program Files\Android\Android Studio\jre\jre\bin\msvcr100.dll
0x00000000665c0000 - 0x0000000066dfc000 	C:\Program Files\Android\Android Studio\jre\jre\bin\server\jvm.dll
0x000007fef0d60000 - 0x000007fef0d69000 	C:\Windows\system32\WSOCK32.dll
0x000007fefe140000 - 0x000007fefe18d000 	C:\Windows\system32\WS2_32.dll
0x000007feff240000 - 0x000007feff248000 	C:\Windows\system32\NSI.dll
0x000007fefb5b0000 - 0x000007fefb5eb000 	C:\Windows\system32\WINMM.dll
0x000007fefc7e0000 - 0x000007fefc7ec000 	C:\Windows\system32\VERSION.dll
0x00000000778e0000 - 0x00000000778e7000 	C:\Windows\system32\PSAPI.DLL
0x000007fef0fd0000 - 0x000007fef0fdf000 	C:\Program Files\Android\Android Studio\jre\jre\bin\verify.dll
0x000007feef9a0000 - 0x000007feef9c9000 	C:\Program Files\Android\Android Studio\jre\jre\bin\java.dll
0x000007feef9e0000 - 0x000007feef9f6000 	C:\Program Files\Android\Android Studio\jre\jre\bin\zip.dll
0x000007fefe3d0000 - 0x000007feff156000 	C:\Windows\system32\SHELL32.dll
0x000007feff610000 - 0x000007feff811000 	C:\Windows\system32\ole32.dll
0x000007fefd670000 - 0x000007fefd67f000 	C:\Windows\system32\profapi.dll
0x000007fef49e0000 - 0x000007fef4b05000 	C:\Windows\system32\dbghelp.dll

VM Arguments:
jvm_args: -Djava.awt.headless=true -Xmx1024M -Dfile.encoding=windows-1252 -Duser.country=US -Duser.language=en -Duser.variant 
java_command: com.android.dx.command.Main --dex --num-threads=4 --output D:\Komal\New Hafale\Workspace\Hafele\hafele\build\intermediates\pre-dexed\debug\internal_impl-20.0.0_2d5b5489b561780b4661445d8ba29ac3d8ce1bd9.jar D:\Komal\New Hafale\Workspace\Hafele\hafele\build\intermediates\exploded-aar\com.android.support\support-v4\20.0.0\jars\libs\internal_impl-20.0.0.jar
java_class_path (initial): C:\Users\komal\AppData\Local\Android\Sdk\build-tools\25.0.2\lib\dx.jar
Launcher Type: SUN_STANDARD

Environment Variables:
PATH=C:\Program Files (x86)\Intel\iCLS Client\;C:\Program Files\Intel\iCLS Client\;C:\Windows\system32;C:\Windows;C:\Windows\System32\Wbem;C:\Windows\System32\WindowsPowerShell\v1.0\;C:\Program Files (x86)\Intel\OpenCL SDK\2.0\bin\x86;C:\Program Files (x86)\Intel\OpenCL SDK\2.0\bin\x64;C:\Program Files\Intel\Intel(R) Management Engine Components\DAL;C:\Program Files\Intel\Intel(R) Management Engine Components\IPT;C:\Program Files (x86)\Intel\Intel(R) Management Engine Components\DAL;C:\Program Files (x86)\Intel\Intel(R) Management Engine Components\IPT;C:\Program Files\Git\cmd;C:\Program Files\Java\jdk1.8.0_121\bin;
USERNAME=komal
OS=Windows_NT
PROCESSOR_IDENTIFIER=Intel64 Family 6 Model 58 Stepping 9, GenuineIntel



---------------  S Y S T E M  ---------------

OS: Windows 7 , 64 bit Build 7600 (6.1.7600.16385)

CPU:total 4 (2 cores per cpu, 2 threads per core) family 6 model 58 stepping 9, cmov, cx8, fxsr, mmx, sse, sse2, sse3, ssse3, sse4.1, sse4.2, popcnt, clmul, erms, ht, tsc, tscinvbit, tscinv

Memory: 4k page, physical 8080048k(3221360k free), swap 16158200k(9151396k free)

vm_info: OpenJDK 64-Bit Server VM (25.112-b06) for windows-amd64 JRE (1.8.0_112-release-b06), built on Dec  8 2016 00:54:26 by "builder" with MS VC++ 10.0 (VS2010)

time: Fri May 05 14:09:35 2017
elapsed time: 6 seconds (0d 0h 0m 6s)

