#
# A fatal error has been detected by the Java Runtime Environment:
#
#  EXCEPTION_ACCESS_VIOLATION (0xc0000005) at pc=0x000000006717fab4, pid=4628, tid=0x00000000000013f0
#
# JRE version: OpenJDK Runtime Environment (8.0_112-b06) (build 1.8.0_112-release-b06)
# Java VM: OpenJDK 64-Bit Server VM (25.112-b06 mixed mode windows-amd64 compressed oops)
# Problematic frame:
# V  [jvm.dll+0x42fab4]
#
# Failed to write core dump. Minidumps are not enabled by default on client versions of Windows
#
# If you would like to submit a bug report, please visit:
#   http://bugreport.java.com/bugreport/crash.jsp
#

---------------  T H R E A D  ---------------

Current thread (0x0000000055194800):  JavaThread "C2 CompilerThread0" daemon [_thread_in_native, id=5104, stack(0x00000000565b0000,0x00000000566b0000)]

siginfo: ExceptionCode=0xc0000005, reading address 0x00000001f46da9c0

Registers:
RAX=0x0000000057f81440, RBX=0x0000000000100001, RCX=0x00000000673cf698, RDX=0x00000000671d6560
RSP=0x00000000566ac0d0, RBP=0xffffffffffffffff, RSI=0x0000000056d806d0, RDI=0x0000000059d51660
R8 =0x00000000ffffffff, R9 =0x0000000000000001, R10=0x000000000000000d, R11=0x0000000000000000
R12=0x00000000566ac4e0, R13=0x0000000000000000, R14=0x0000000000000008, R15=0x0000000000000001
RIP=0x000000006717fab4, EFLAGS=0x0000000000010202

Top of Stack: (sp=0x00000000566ac0d0)
0x00000000566ac0d0:   0000000059fad240 0000000056cd2ac0
0x00000000566ac0e0:   0000000059d51660 ffffffffffffffff
0x00000000566ac0f0:   0010000100000038 0000000059d51660
0x00000000566ac100:   0000000000000098 0000000000000038
0x00000000566ac110:   0000000000000000 0000000000000000
0x00000000566ac120:   00000000566ac1f0 00000000000003d8
0x00000000566ac130:   0000000056b83258 0000000056b82e80
0x00000000566ac140:   00000000566ac270 0000000000000000
0x00000000566ac150:   00000000566ac4e0 0000000056b82e70
0x00000000566ac160:   00000000566ac5f0 0000000067182aa9
0x00000000566ac170:   00000000566ac4e0 00000000566ac201
0x00000000566ac180:   00000000ffffffff 0000000000000013
0x00000000566ac190:   0000000000000002 0000000056b82e70
0x00000000566ac1a0:   0000000059fa9790 0000000059fd3c00
0x00000000566ac1b0:   0000000059fd3c00 0000000000066e78
0x00000000566ac1c0:   0000000000000002 0000000057cd0010 

Instructions: (pc=0x000000006717fab4)
0x000000006717fa94:   00 00 49 c1 e6 03 66 0f 1f 44 00 00 48 8b 46 08
0x000000006717faa4:   49 8b 0c 06 49 8b 84 24 28 01 00 00 48 63 51 28
0x000000006717fab4:   8b 1c 90 85 db 0f 84 c0 01 00 00 45 84 c9 74 11
0x000000006717fac4:   45 3b c7 75 0c 48 8b 06 48 8b ce ff 90 e0 00 00 


Register to memory mapping:

RAX=0x0000000057f81440 is an unknown value
RBX=0x0000000000100001 is an unknown value
RCX=0x00000000673cf698 is an unknown value
RDX=0x00000000671d6560 is an unknown value
RSP=0x00000000566ac0d0 is pointing into the stack for thread: 0x0000000055194800
RBP=0xffffffffffffffff is an unknown value
RSI=0x0000000056d806d0 is an unknown value
RDI=0x0000000059d51660 is an unknown value
R8 =0x00000000ffffffff is an unallocated location in the heap
R9 =0x0000000000000001 is an unknown value
R10=0x000000000000000d is an unknown value
R11=0x0000000000000000 is an unknown value
R12=0x00000000566ac4e0 is pointing into the stack for thread: 0x0000000055194800
R13=0x0000000000000000 is an unknown value
R14=0x0000000000000008 is an unknown value
R15=0x0000000000000001 is an unknown value


Stack: [0x00000000565b0000,0x00000000566b0000],  sp=0x00000000566ac0d0,  free space=1008k
Native frames: (J=compiled Java code, j=interpreted, Vv=VM code, C=native code)
V  [jvm.dll+0x42fab4]
V  [jvm.dll+0x432aa9]
V  [jvm.dll+0x43d6bb]
V  [jvm.dll+0x43ff8e]
V  [jvm.dll+0x423242]
V  [jvm.dll+0x80b29]
V  [jvm.dll+0x8145f]
V  [jvm.dll+0x21be7f]
V  [jvm.dll+0x26c13a]
C  [msvcr100.dll+0x21d9f]
C  [msvcr100.dll+0x21e3b]
C  [kernel32.dll+0x1f56d]
C  [ntdll.dll+0x33281]


Current CompileTask:
C2:   6752 1631       4       com.android.dx.dex.code.RopTranslator::outputBlock (202 bytes)


---------------  P R O C E S S  ---------------

Java Threads: ( => current thread )
  0x0000000056dce800 JavaThread "pool-1-thread-4" [_thread_blocked, id=280, stack(0x0000000057b80000,0x0000000057c80000)]
  0x0000000056dcc800 JavaThread "pool-1-thread-3" [_thread_blocked, id=4988, stack(0x00000000579c0000,0x0000000057ac0000)]
  0x0000000056dcb800 JavaThread "pool-1-thread-2" [_thread_blocked, id=2868, stack(0x0000000057820000,0x0000000057920000)]
  0x0000000056cfc000 JavaThread "pool-2-thread-1" [_thread_blocked, id=2144, stack(0x00000000575b0000,0x00000000576b0000)]
  0x0000000056cf9800 JavaThread "pool-1-thread-1" [_thread_blocked, id=3704, stack(0x00000000573a0000,0x00000000574a0000)]
  0x000000005519f800 JavaThread "Service Thread" daemon [_thread_blocked, id=4004, stack(0x0000000057090000,0x0000000057190000)]
  0x0000000055199800 JavaThread "C1 CompilerThread2" daemon [_thread_blocked, id=3756, stack(0x0000000056a50000,0x0000000056b50000)]
  0x0000000055198800 JavaThread "C2 CompilerThread1" daemon [_thread_blocked, id=2292, stack(0x0000000056920000,0x0000000056a20000)]
=>0x0000000055194800 JavaThread "C2 CompilerThread0" daemon [_thread_in_native, id=5104, stack(0x00000000565b0000,0x00000000566b0000)]
  0x0000000055191000 JavaThread "Attach Listener" daemon [_thread_blocked, id=5076, stack(0x0000000056730000,0x0000000056830000)]
  0x000000005518f000 JavaThread "Signal Dispatcher" daemon [_thread_blocked, id=3076, stack(0x0000000056490000,0x0000000056590000)]
  0x0000000055177000 JavaThread "Finalizer" daemon [_thread_blocked, id=2848, stack(0x0000000056370000,0x0000000056470000)]
  0x0000000055130000 JavaThread "Reference Handler" daemon [_thread_blocked, id=2392, stack(0x0000000056230000,0x0000000056330000)]
  0x000000000228e000 JavaThread "main" [_thread_blocked, id=4632, stack(0x00000000024a0000,0x00000000025a0000)]

Other Threads:
  0x0000000055128800 VMThread [stack: 0x0000000056100000,0x0000000056200000] [id=1184]
  0x0000000056bc1000 WatcherThread [stack: 0x0000000057290000,0x0000000057390000] [id=1944]

VM state:at safepoint (normal execution)

VM Mutex/Monitor currently owned by a thread:  ([mutex/lock_event])
[0x000000000228c150] Threads_lock - owner thread: 0x0000000055128800
[0x000000000228c650] Heap_lock - owner thread: 0x0000000056cf9800

Heap:
 PSYoungGen      total 36864K, used 36854K [0x00000000eab00000, 0x00000000ef300000, 0x0000000100000000)
  eden space 31744K, 100% used [0x00000000eab00000,0x00000000eca00000,0x00000000eca00000)
  from space 5120K, 99% used [0x00000000eca00000,0x00000000ecefd840,0x00000000ecf00000)
  to   space 5120K, 99% used [0x00000000eee00000,0x00000000ef2fa5c8,0x00000000ef300000)
 ParOldGen       total 84992K, used 29569K [0x00000000c0000000, 0x00000000c5300000, 0x00000000eab00000)
  object space 84992K, 34% used [0x00000000c0000000,0x00000000c1cea748,0x00000000c5300000)
 Metaspace       used 5895K, capacity 7024K, committed 7296K, reserved 1056768K
  class space    used 557K, capacity 616K, committed 640K, reserved 1048576K

Card table byte_map: [0x0000000011c30000,0x0000000011e40000] byte_map_base: 0x0000000011630000

Marking Bits: (ParMarkBitMap*) 0x00000000675118f0
 Begin Bits: [0x00000000125a0000, 0x00000000135a0000)
 End Bits:   [0x00000000135a0000, 0x00000000145a0000)

Polling page: 0x0000000000140000

CodeCache: size=245760Kb used=7165Kb max_used=7165Kb free=238594Kb
 bounds [0x0000000002870000, 0x0000000002f80000, 0x0000000011870000]
 total_blobs=1856 nmethods=1596 adapters=175
 compilation: enabled

Compilation events (10 events):
Event: 6.722 Thread 0x0000000055199800 1651       3       com.android.dx.rop.annotation.Annotation::<init> (54 bytes)
Event: 6.723 Thread 0x0000000055199800 nmethod 1651 0x0000000002f72c90 code [0x0000000002f72e40, 0x0000000002f733f8]
Event: 6.723 Thread 0x0000000055199800 1652       3       com.android.dx.dex.file.AnnotationItem::<init> (41 bytes)
Event: 6.723 Thread 0x0000000055199800 nmethod 1652 0x0000000002f73690 code [0x0000000002f73840, 0x0000000002f73e38]
Event: 6.725 Thread 0x0000000055199800 1653       3       java.util.TreeMap::successor (66 bytes)
Event: 6.726 Thread 0x0000000055199800 nmethod 1653 0x0000000002f74050 code [0x0000000002f741e0, 0x0000000002f74550]
Event: 6.726 Thread 0x0000000055199800 1654       3       com.android.dx.ssa.back.FirstFitLocalCombiningAllocator$Alignment$1::nextClearBit (26 bytes)
Event: 6.727 Thread 0x0000000055199800 nmethod 1654 0x0000000002f746d0 code [0x0000000002f74860, 0x0000000002f74c18]
Event: 6.727 Thread 0x0000000055199800 1655       3       com.android.dx.rop.code.PlainCstInsn::accept (8 bytes)
Event: 6.727 Thread 0x0000000055199800 nmethod 1655 0x0000000002f74dd0 code [0x0000000002f74f40, 0x0000000002f75168]

GC Heap History (7 events):
Event: 3.437 GC heap before
{Heap before GC invocations=1 (full 0):
 PSYoungGen      total 36864K, used 31744K [0x00000000eab00000, 0x00000000ed400000, 0x0000000100000000)
  eden space 31744K, 100% used [0x00000000eab00000,0x00000000eca00000,0x00000000eca00000)
  from space 5120K, 0% used [0x00000000ecf00000,0x00000000ecf00000,0x00000000ed400000)
  to   space 5120K, 0% used [0x00000000eca00000,0x00000000eca00000,0x00000000ecf00000)
 ParOldGen       total 84992K, used 0K [0x00000000c0000000, 0x00000000c5300000, 0x00000000eab00000)
  object space 84992K, 0% used [0x00000000c0000000,0x00000000c0000000,0x00000000c5300000)
 Metaspace       used 5617K, capacity 6832K, committed 7040K, reserved 1056768K
  class space    used 556K, capacity 616K, committed 640K, reserved 1048576K
Event: 3.466 GC heap after
Heap after GC invocations=1 (full 0):
 PSYoungGen      total 36864K, used 5115K [0x00000000eab00000, 0x00000000ed400000, 0x0000000100000000)
  eden space 31744K, 0% used [0x00000000eab00000,0x00000000eab00000,0x00000000eca00000)
  from space 5120K, 99% used [0x00000000eca00000,0x00000000ecefee50,0x00000000ecf00000)
  to   space 5120K, 0% used [0x00000000ecf00000,0x00000000ecf00000,0x00000000ed400000)
 ParOldGen       total 84992K, used 523K [0x00000000c0000000, 0x00000000c5300000, 0x00000000eab00000)
  object space 84992K, 0% used [0x00000000c0000000,0x00000000c0082fa8,0x00000000c5300000)
 Metaspace       used 5617K, capacity 6832K, committed 7040K, reserved 1056768K
  class space    used 556K, capacity 616K, committed 640K, reserved 1048576K
}
Event: 3.916 GC heap before
{Heap before GC invocations=2 (full 0):
 PSYoungGen      total 36864K, used 36859K [0x00000000eab00000, 0x00000000ed400000, 0x0000000100000000)
  eden space 31744K, 100% used [0x00000000eab00000,0x00000000eca00000,0x00000000eca00000)
  from space 5120K, 99% used [0x00000000eca00000,0x00000000ecefee50,0x00000000ecf00000)
  to   space 5120K, 0% used [0x00000000ecf00000,0x00000000ecf00000,0x00000000ed400000)
 ParOldGen       total 84992K, used 523K [0x00000000c0000000, 0x00000000c5300000, 0x00000000eab00000)
  object space 84992K, 0% used [0x00000000c0000000,0x00000000c0082fa8,0x00000000c5300000)
 Metaspace       used 5802K, capacity 6960K, committed 7040K, reserved 1056768K
  class space    used 557K, capacity 616K, committed 640K, reserved 1048576K
Event: 4.004 GC heap after
Heap after GC invocations=2 (full 0):
 PSYoungGen      total 36864K, used 5113K [0x00000000eab00000, 0x00000000ef300000, 0x0000000100000000)
  eden space 31744K, 0% used [0x00000000eab00000,0x00000000eab00000,0x00000000eca00000)
  from space 5120K, 99% used [0x00000000ecf00000,0x00000000ed3fe4b8,0x00000000ed400000)
  to   space 5120K, 0% used [0x00000000eca00000,0x00000000eca00000,0x00000000ecf00000)
 ParOldGen       total 84992K, used 3388K [0x00000000c0000000, 0x00000000c5300000, 0x00000000eab00000)
  object space 84992K, 3% used [0x00000000c0000000,0x00000000c034f100,0x00000000c5300000)
 Metaspace       used 5802K, capacity 6960K, committed 7040K, reserved 1056768K
  class space    used 557K, capacity 616K, committed 640K, reserved 1048576K
}
Event: 5.447 GC heap before
{Heap before GC invocations=3 (full 0):
 PSYoungGen      total 36864K, used 36857K [0x00000000eab00000, 0x00000000ef300000, 0x0000000100000000)
  eden space 31744K, 100% used [0x00000000eab00000,0x00000000eca00000,0x00000000eca00000)
  from space 5120K, 99% used [0x00000000ecf00000,0x00000000ed3fe4b8,0x00000000ed400000)
  to   space 5120K, 0% used [0x00000000eca00000,0x00000000eca00000,0x00000000ecf00000)
 ParOldGen       total 84992K, used 3388K [0x00000000c0000000, 0x00000000c5300000, 0x00000000eab00000)
  object space 84992K, 3% used [0x00000000c0000000,0x00000000c034f100,0x00000000c5300000)
 Metaspace       used 5845K, capacity 6960K, committed 7040K, reserved 1056768K
  class space    used 557K, capacity 616K, committed 640K, reserved 1048576K
Event: 5.577 GC heap after
Heap after GC invocations=3 (full 0):
 PSYoungGen      total 36864K, used 5110K [0x00000000eab00000, 0x00000000ef300000, 0x0000000100000000)
  eden space 31744K, 0% used [0x00000000eab00000,0x00000000eab00000,0x00000000eca00000)
  from space 5120K, 99% used [0x00000000eca00000,0x00000000ecefd840,0x00000000ecf00000)
  to   space 5120K, 0% used [0x00000000eee00000,0x00000000eee00000,0x00000000ef300000)
 ParOldGen       total 84992K, used 12864K [0x00000000c0000000, 0x00000000c5300000, 0x00000000eab00000)
  object space 84992K, 15% used [0x00000000c0000000,0x00000000c0c90210,0x00000000c5300000)
 Metaspace       used 5845K, capacity 6960K, committed 7040K, reserved 1056768K
  class space    used 557K, capacity 616K, committed 640K, reserved 1048576K
}
Event: 6.733 GC heap before
{Heap before GC invocations=4 (full 0):
 PSYoungGen      total 36864K, used 36854K [0x00000000eab00000, 0x00000000ef300000, 0x0000000100000000)
  eden space 31744K, 100% used [0x00000000eab00000,0x00000000eca00000,0x00000000eca00000)
  from space 5120K, 99% used [0x00000000eca00000,0x00000000ecefd840,0x00000000ecf00000)
  to   space 5120K, 0% used [0x00000000eee00000,0x00000000eee00000,0x00000000ef300000)
 ParOldGen       total 84992K, used 12864K [0x00000000c0000000, 0x00000000c5300000, 0x00000000eab00000)
  object space 84992K, 15% used [0x00000000c0000000,0x00000000c0c90210,0x00000000c5300000)
 Metaspace       used 5895K, capacity 7024K, committed 7296K, reserved 1056768K
  class space    used 557K, capacity 616K, committed 640K, reserved 1048576K

Deoptimization events (10 events):
Event: 5.066 Thread 0x0000000056cf9800 Uncommon trap: reason=unstable_if action=reinterpret pc=0x0000000002dca1a4 method=com.android.dx.cf.code.BytecodeArray.parseInstruction(ILcom/android/dx/cf/code/BytecodeArray$Visitor;)I @ 1261
Event: 5.218 Thread 0x0000000056cf9800 Uncommon trap: reason=class_check action=maybe_recompile pc=0x0000000002e61d74 method=com.android.dx.cf.code.RopperMachine.run(Lcom/android/dx/cf/code/Frame;II)V @ 988
Event: 5.242 Thread 0x0000000056cf9800 Uncommon trap: reason=class_check action=maybe_recompile pc=0x0000000002e61d74 method=com.android.dx.cf.code.RopperMachine.run(Lcom/android/dx/cf/code/Frame;II)V @ 988
Event: 5.264 Thread 0x0000000056cf9800 Uncommon trap: reason=class_check action=maybe_recompile pc=0x0000000002e61d74 method=com.android.dx.cf.code.RopperMachine.run(Lcom/android/dx/cf/code/Frame;II)V @ 988
Event: 5.291 Thread 0x0000000056cf9800 Uncommon trap: reason=class_check action=maybe_recompile pc=0x0000000002e61d74 method=com.android.dx.cf.code.RopperMachine.run(Lcom/android/dx/cf/code/Frame;II)V @ 988
Event: 5.414 Thread 0x0000000056cf9800 Uncommon trap: reason=class_check action=maybe_recompile pc=0x0000000002edad50 method=com.android.dx.cf.code.BytecodeArray.parseInstruction(ILcom/android/dx/cf/code/BytecodeArray$Visitor;)I @ 2676
Event: 5.414 Thread 0x0000000056cf9800 Uncommon trap: reason=class_check action=maybe_recompile pc=0x0000000002edad50 method=com.android.dx.cf.code.BytecodeArray.parseInstruction(ILcom/android/dx/cf/code/BytecodeArray$Visitor;)I @ 2676
Event: 5.414 Thread 0x0000000056cf9800 Uncommon trap: reason=class_check action=maybe_recompile pc=0x0000000002edad50 method=com.android.dx.cf.code.BytecodeArray.parseInstruction(ILcom/android/dx/cf/code/BytecodeArray$Visitor;)I @ 2676
Event: 5.415 Thread 0x0000000056cf9800 Uncommon trap: reason=class_check action=maybe_recompile pc=0x0000000002edad50 method=com.android.dx.cf.code.BytecodeArray.parseInstruction(ILcom/android/dx/cf/code/BytecodeArray$Visitor;)I @ 2676
Event: 6.721 Thread 0x0000000056cf9800 Uncommon trap: reason=class_check action=maybe_recompile pc=0x0000000002f64fe4 method=com.android.dx.cf.code.Merger.mergeType(Lcom/android/dx/rop/type/TypeBearer;Lcom/android/dx/rop/type/TypeBearer;)Lcom/android/dx/rop/type/TypeBearer; @ 21

Internal exceptions (3 events):
Event: 0.391 Thread 0x000000000228e000 Exception <a 'java/lang/NoSuchMethodError': Method sun.misc.Unsafe.defineClass(Ljava/lang/String;[BII)Ljava/lang/Class; name or signature does not match> (0x00000000eab07c78) thrown at [C:\src\android\AOSP-openjdk\external\jetbrains\jdk\hotspot\src\share\v}FdWiÙ?
Event: 0.392 Thread 0x000000000228e000 Exception <a 'java/lang/NoSuchMethodError': Method sun.misc.Unsafe.prefetchRead(Ljava/lang/Object;J)V name or signature does not match> (0x00000000eab07f60) thrown at [C:\src\android\AOSP-openjdk\external\jetbrains\jdk\hotspot\src\share\vm\prims\jni.cpp, lì?ŽÄ@
Event: 2.721 Thread 0x0000000056dce800 Implicit null exception at 0x0000000002b58b52 to 0x0000000002b58c42

Events (10 events):
Event: 5.414 Thread 0x0000000056cf9800 DEOPT UNPACKING pc=0x00000000028b556a sp=0x000000005749e578 mode 2
Event: 5.415 Thread 0x0000000056cf9800 Uncommon trap: trap_request=0xffffffde fr.pc=0x0000000002edad50
Event: 5.415 Thread 0x0000000056cf9800 DEOPT PACKING pc=0x0000000002edad50 sp=0x000000005749e600
Event: 5.415 Thread 0x0000000056cf9800 DEOPT UNPACKING pc=0x00000000028b556a sp=0x000000005749e578 mode 2
Event: 5.447 Executing VM operation: ParallelGCFailedAllocation
Event: 5.577 Executing VM operation: ParallelGCFailedAllocation done
Event: 6.721 Thread 0x0000000056cf9800 Uncommon trap: trap_request=0xffffffde fr.pc=0x0000000002f64fe4
Event: 6.721 Thread 0x0000000056cf9800 DEOPT PACKING pc=0x0000000002f64fe4 sp=0x000000005749e7e0
Event: 6.721 Thread 0x0000000056cf9800 DEOPT UNPACKING pc=0x00000000028b556a sp=0x000000005749e740 mode 2
Event: 6.733 Executing VM operation: ParallelGCFailedAllocation


Dynamic libraries:
0x000000013f9c0000 - 0x000000013f9f1000 	C:\Program Files\Android\Android Studio\jre\bin\java.exe
0x0000000076da0000 - 0x0000000076f4b000 	C:\Windows\SYSTEM32\ntdll.dll
0x0000000076c80000 - 0x0000000076d9f000 	C:\Windows\system32\kernel32.dll
0x000007fefcf40000 - 0x000007fefcfab000 	C:\Windows\system32\KERNELBASE.dll
0x000007fefe6a0000 - 0x000007fefe77b000 	C:\Windows\system32\ADVAPI32.dll
0x000007fefe900000 - 0x000007fefe99f000 	C:\Windows\system32\msvcrt.dll
0x000007fefd1a0000 - 0x000007fefd1bf000 	C:\Windows\SYSTEM32\sechost.dll
0x000007fefea90000 - 0x000007fefebbe000 	C:\Windows\system32\RPCRT4.dll
0x0000000076b80000 - 0x0000000076c7a000 	C:\Windows\system32\USER32.dll
0x000007feff040000 - 0x000007feff0a7000 	C:\Windows\system32\GDI32.dll
0x000007fefd8f0000 - 0x000007fefd8fe000 	C:\Windows\system32\LPK.dll
0x000007fefd0d0000 - 0x000007fefd19a000 	C:\Windows\system32\USP10.dll
0x000007fefb160000 - 0x000007fefb354000 	C:\Windows\WinSxS\amd64_microsoft.windows.common-controls_6595b64144ccf1df_6.0.7600.16385_none_fa645303170382f6\COMCTL32.dll
0x000007fefede0000 - 0x000007fefee51000 	C:\Windows\system32\SHLWAPI.dll
0x000007feff010000 - 0x000007feff03e000 	C:\Windows\system32\IMM32.DLL
0x000007fefec30000 - 0x000007fefed39000 	C:\Windows\system32\MSCTF.dll
0x00000000657e0000 - 0x00000000658b2000 	C:\Program Files\Android\Android Studio\jre\jre\bin\msvcr100.dll
0x0000000066d50000 - 0x000000006758c000 	C:\Program Files\Android\Android Studio\jre\jre\bin\server\jvm.dll
0x000007fef26f0000 - 0x000007fef26f9000 	C:\Windows\system32\WSOCK32.dll
0x000007fefebe0000 - 0x000007fefec2d000 	C:\Windows\system32\WS2_32.dll
0x000007fefd900000 - 0x000007fefd908000 	C:\Windows\system32\NSI.dll
0x000007fefa280000 - 0x000007fefa2bb000 	C:\Windows\system32\WINMM.dll
0x000007fefbe70000 - 0x000007fefbe7c000 	C:\Windows\system32\VERSION.dll
0x0000000076f70000 - 0x0000000076f77000 	C:\Windows\system32\PSAPI.DLL
0x000007feefc90000 - 0x000007feefc9f000 	C:\Program Files\Android\Android Studio\jre\jre\bin\verify.dll
0x000007feefc60000 - 0x000007feefc89000 	C:\Program Files\Android\Android Studio\jre\jre\bin\java.dll
0x000007feefc40000 - 0x000007feefc56000 	C:\Program Files\Android\Android Studio\jre\jre\bin\zip.dll
0x000007fefd910000 - 0x000007fefe696000 	C:\Windows\system32\SHELL32.dll
0x000007fefd600000 - 0x000007fefd801000 	C:\Windows\system32\ole32.dll
0x000007fefcd00000 - 0x000007fefcd0f000 	C:\Windows\system32\profapi.dll
0x000007fef42b0000 - 0x000007fef43d5000 	C:\Windows\system32\dbghelp.dll

VM Arguments:
jvm_args: -Djava.awt.headless=true -Xmx1024M -Dfile.encoding=windows-1252 -Duser.country=US -Duser.language=en -Duser.variant 
java_command: com.android.dx.command.Main --dex --num-threads=4 --output D:\Komal\New Hafale\workspace1\Hafele\hafele\build\intermediates\pre-dexed\release\release_780560a89fdc9f20a04d06b62d5532c883d25a54.jar D:\Komal\New Hafale\workspace1\Hafele\hafele\build\intermediates\classes\release
java_class_path (initial): C:\Users\komal\AppData\Local\Android\Sdk\build-tools\25.0.2\lib\dx.jar
Launcher Type: SUN_STANDARD

Environment Variables:
PATH=C:\Program Files (x86)\Intel\iCLS Client\;C:\Program Files\Intel\iCLS Client\;C:\Windows\system32;C:\Windows;C:\Windows\System32\Wbem;C:\Windows\System32\WindowsPowerShell\v1.0\;C:\Program Files (x86)\Intel\OpenCL SDK\2.0\bin\x86;C:\Program Files (x86)\Intel\OpenCL SDK\2.0\bin\x64;C:\Program Files\Intel\Intel(R) Management Engine Components\DAL;C:\Program Files\Intel\Intel(R) Management Engine Components\IPT;C:\Program Files (x86)\Intel\Intel(R) Management Engine Components\DAL;C:\Program Files (x86)\Intel\Intel(R) Management Engine Components\IPT;C:\Program Files\Git\cmd;C:\Program Files\Java\jdk1.8.0_121\bin;
USERNAME=komal
OS=Windows_NT
PROCESSOR_IDENTIFIER=Intel64 Family 6 Model 58 Stepping 9, GenuineIntel



---------------  S Y S T E M  ---------------

OS: Windows 7 , 64 bit Build 7600 (6.1.7600.16385)

CPU:total 4 (2 cores per cpu, 2 threads per core) family 6 model 58 stepping 9, cmov, cx8, fxsr, mmx, sse, sse2, sse3, ssse3, sse4.1, sse4.2, popcnt, clmul, erms, ht, tsc, tscinvbit, tscinv

Memory: 4k page, physical 8080048k(4920320k free), swap 16158200k(12355672k free)

vm_info: OpenJDK 64-Bit Server VM (25.112-b06) for windows-amd64 JRE (1.8.0_112-release-b06), built on Dec  8 2016 00:54:26 by "builder" with MS VC++ 10.0 (VS2010)

time: Wed Jun 07 18:56:20 2017
elapsed time: 6 seconds (0d 0h 0m 6s)

