#
# A fatal error has been detected by the Java Runtime Environment:
#
#  EXCEPTION_ACCESS_VIOLATION (0xc0000005) at pc=0x00000000632fb0f0, pid=3364, tid=0x0000000000000520
#
# JRE version: OpenJDK Runtime Environment (8.0_112-b06) (build 1.8.0_112-release-b06)
# Java VM: OpenJDK 64-Bit Server VM (25.112-b06 mixed mode windows-amd64 compressed oops)
# Problematic frame:
# V  [jvm.dll+0x46b0f0]
#
# Failed to write core dump. Minidumps are not enabled by default on client versions of Windows
#
# If you would like to submit a bug report, please visit:
#   http://bugreport.java.com/bugreport/crash.jsp
#

---------------  T H R E A D  ---------------

Current thread (0x0000000055012800):  JavaThread "C2 CompilerThread0" daemon [_thread_in_native, id=1312, stack(0x0000000056750000,0x0000000056850000)]

siginfo: ExceptionCode=0xc0000005, reading address 0xffffffffffffffff

Registers:
RAX=0x0000000000000000, RBX=0x0000000058838e50, RCX=0x0100000056eaa080, RDX=0x0000000000000000
RSP=0x000000005684bec0, RBP=0x0000000000000007, RSI=0x0000000000000038, RDI=0x000000005684bf10
R8 =0x0000000080000000, R9 =0x0000000057b16f80, R10=0x0000000062e90000, R11=0x000000005684bde0
R12=0x0000000063652010, R13=0x0000000062e90000, R14=0x0000000056f5f768, R15=0x00000000000003d8
RIP=0x00000000632fb0f0, EFLAGS=0x0000000000010246

Top of Stack: (sp=0x000000005684bec0)
0x000000005684bec0:   000000005684e6a0 000000005883bb50
0x000000005684bed0:   fffffffffffffff8 0000000054fa8090
0x000000005684bee0:   000000000000079f 00000000632f61bf
0x000000005684bef0:   000000005883c0f0 0000000058838e50
0x000000005684bf00:   000000000000079f 000000005684bff0
0x000000005684bf10:   000002b900000000 0000000000000006
0x000000005684bf20:   0100000056eaa080 0000000000000003
0x000000005684bf30:   000000005886a140 0000000000000009
0x000000005684bf40:   000000005886a130 000000005684c2e0
0x000000005684bf50:   0000000056f5f390 000000005684c2e0
0x000000005684bf60:   0000000056f5f380 00000000632c2ca1
0x000000005684bf70:   0000000000000000 000000005684c070
0x000000005684bf80:   0000000000000000 0000000000000006
0x000000005684bf90:   0000000000000002 0000000056f5f380
0x000000005684bfa0:   0000000057b15350 0000000057b179a0
0x000000005684bfb0:   0000000057b1d338 00000000000f0f70 

Instructions: (pc=0x00000000632fb0f0)
0x00000000632fb0d0:   48 8b 4f 20 48 39 04 0e 0f 84 9d 00 00 00 48 8b
0x00000000632fb0e0:   0c 0e 33 d2 33 c0 48 89 4f 10 66 0f 1f 44 00 00
0x00000000632fb0f0:   83 3c 08 00 0f 85 36 01 00 00 ff c2 48 83 c0 04
0x00000000632fb100:   83 fa 08 72 eb 48 8b 47 30 48 89 44 24 30 48 85 


Register to memory mapping:

RAX=0x0000000000000000 is an unknown value
RBX=0x0000000058838e50 is an unknown value
RCX=0x0100000056eaa080 is an unknown value
RDX=0x0000000000000000 is an unknown value
RSP=0x000000005684bec0 is pointing into the stack for thread: 0x0000000055012800
RBP=0x0000000000000007 is an unknown value
RSI=0x0000000000000038 is an unknown value
RDI=0x000000005684bf10 is pointing into the stack for thread: 0x0000000055012800
R8 =0x0000000080000000 is an unknown value
R9 =0x0000000057b16f80 is an unknown value
R10=0x0000000062e90000 is an unknown value
R11=0x000000005684bde0 is pointing into the stack for thread: 0x0000000055012800
R12=0x0000000063652010 is an unknown value
R13=0x0000000062e90000 is an unknown value
R14=0x0000000056f5f768 is an unknown value
R15=0x00000000000003d8 is an unknown value


Stack: [0x0000000056750000,0x0000000056850000],  sp=0x000000005684bec0,  free space=1007k
Native frames: (J=compiled Java code, j=interpreted, Vv=VM code, C=native code)
V  [jvm.dll+0x46b0f0]
V  [jvm.dll+0x4661bf]
V  [jvm.dll+0x432ca1]
V  [jvm.dll+0x43d6bb]
V  [jvm.dll+0x43ff8e]
V  [jvm.dll+0x423242]
V  [jvm.dll+0x80b29]
V  [jvm.dll+0x8145f]
V  [jvm.dll+0x21be7f]
V  [jvm.dll+0x26c13a]
C  [msvcr100.dll+0x21d9f]
C  [msvcr100.dll+0x21e3b]
C  [kernel32.dll+0x1f56d]
C  [ntdll.dll+0x33281]


Current CompileTask:
C2:   7334 1761       4       com.android.dx.dex.code.RopTranslator$LocalVariableAwareTranslationVisitor::visitThrowingCstInsn (11 bytes)


---------------  P R O C E S S  ---------------

Java Threads: ( => current thread )
  0x0000000056ef9000 JavaThread "pool-1-thread-4" [_thread_blocked, id=2908, stack(0x0000000057910000,0x0000000057a10000)]
  0x0000000056ef6800 JavaThread "pool-1-thread-3" [_thread_blocked, id=3336, stack(0x0000000057660000,0x0000000057760000)]
  0x0000000056e3b800 JavaThread "pool-1-thread-2" [_thread_blocked, id=3320, stack(0x0000000057140000,0x0000000057240000)]
  0x0000000056e39000 JavaThread "pool-2-thread-1" [_thread_blocked, id=1272, stack(0x0000000057530000,0x0000000057630000)]
  0x0000000056e36000 JavaThread "pool-1-thread-1" [_thread_blocked, id=3656, stack(0x00000000573e0000,0x00000000574e0000)]
  0x0000000056c98800 JavaThread "Service Thread" daemon [_thread_blocked, id=1788, stack(0x0000000056a80000,0x0000000056b80000)]
  0x0000000055017800 JavaThread "C1 CompilerThread2" daemon [_thread_blocked, id=2736, stack(0x0000000056b90000,0x0000000056c90000)]
  0x0000000055016800 JavaThread "C2 CompilerThread1" daemon [_thread_blocked, id=2248, stack(0x00000000568f0000,0x00000000569f0000)]
=>0x0000000055012800 JavaThread "C2 CompilerThread0" daemon [_thread_in_native, id=1312, stack(0x0000000056750000,0x0000000056850000)]
  0x000000005500f000 JavaThread "Attach Listener" daemon [_thread_blocked, id=2180, stack(0x00000000564f0000,0x00000000565f0000)]
  0x000000005500d000 JavaThread "Signal Dispatcher" daemon [_thread_blocked, id=2776, stack(0x00000000565f0000,0x00000000566f0000)]
  0x0000000054ff1800 JavaThread "Finalizer" daemon [_thread_blocked, id=3340, stack(0x0000000056250000,0x0000000056350000)]
  0x0000000054fb0000 JavaThread "Reference Handler" daemon [_thread_blocked, id=2528, stack(0x00000000560b0000,0x00000000561b0000)]
  0x000000000224e000 JavaThread "main" [_thread_blocked, id=1984, stack(0x00000000025a0000,0x00000000026a0000)]

Other Threads:
  0x0000000054fa8800 VMThread [stack: 0x0000000055f50000,0x0000000056050000] [id=1896]
  0x000000005501d800 WatcherThread [stack: 0x0000000057250000,0x0000000057350000] [id=3964]

VM state:not at safepoint (normal execution)

VM Mutex/Monitor currently owned by a thread: None

Heap:
 PSYoungGen      total 68608K, used 48670K [0x00000000eab00000, 0x00000000ef300000, 0x0000000100000000)
  eden space 63488K, 68% used [0x00000000eab00000,0x00000000ed589440,0x00000000ee900000)
  from space 5120K, 99% used [0x00000000eee00000,0x00000000ef2fe578,0x00000000ef300000)
  to   space 5120K, 0% used [0x00000000ee900000,0x00000000ee900000,0x00000000eee00000)
 ParOldGen       total 84992K, used 3653K [0x00000000c0000000, 0x00000000c5300000, 0x00000000eab00000)
  object space 84992K, 4% used [0x00000000c0000000,0x00000000c0391478,0x00000000c5300000)
 Metaspace       used 6150K, capacity 7088K, committed 7296K, reserved 1056768K
  class space    used 579K, capacity 616K, committed 640K, reserved 1048576K

Card table byte_map: [0x0000000011d30000,0x0000000011f40000] byte_map_base: 0x0000000011730000

Marking Bits: (ParMarkBitMap*) 0x00000000636518f0
 Begin Bits: [0x0000000012420000, 0x0000000013420000)
 End Bits:   [0x0000000013420000, 0x0000000014420000)

Polling page: 0x0000000001c60000

CodeCache: size=245760Kb used=7246Kb max_used=7260Kb free=238513Kb
 bounds [0x0000000002970000, 0x0000000003090000, 0x0000000011970000]
 total_blobs=1963 nmethods=1696 adapters=182
 compilation: enabled

Compilation events (10 events):
Event: 7.219 Thread 0x0000000055017800 nmethod 1760% 0x0000000003076850 code [0x0000000003076b60, 0x0000000003078508]
Event: 7.219 Thread 0x0000000055017800 1757 %     3       com.android.dx.ssa.SsaMethod::makeExitBlock @ 69 (134 bytes)
Event: 7.220 Thread 0x0000000055017800 nmethod 1757% 0x0000000003082450 code [0x00000000030826c0, 0x00000000030835d8]
Event: 7.220 Thread 0x0000000055017800 1758       3       com.android.dx.ssa.back.FirstFitLocalCombiningAllocator::rangeContainsReserved (30 bytes)
Event: 7.221 Thread 0x0000000055017800 nmethod 1758 0x00000000030762d0 code [0x0000000003076440, 0x0000000003076708]
Event: 7.267 Thread 0x0000000055016800 nmethod 1762 0x0000000003088410 code [0x0000000003088660, 0x000000000308a030]
Event: 7.273 Thread 0x0000000055016800 1763       4       com.android.dx.ssa.InterferenceRegisterMapper::addInterfence (62 bytes)
Event: 7.307 Thread 0x0000000055016800 nmethod 1763 0x000000000308c2d0 code [0x000000000308c4a0, 0x000000000308d6b8]
Event: 7.307 Thread 0x0000000055016800 1764       4       com.android.dx.util.BitIntSet::merge (148 bytes)
Event: 7.313 Thread 0x0000000055016800 nmethod 1764 0x0000000003075bd0 code [0x0000000003075d20, 0x0000000003076038]

GC Heap History (4 events):
Event: 1.308 GC heap before
{Heap before GC invocations=1 (full 0):
 PSYoungGen      total 36864K, used 31744K [0x00000000eab00000, 0x00000000ed400000, 0x0000000100000000)
  eden space 31744K, 100% used [0x00000000eab00000,0x00000000eca00000,0x00000000eca00000)
  from space 5120K, 0% used [0x00000000ecf00000,0x00000000ecf00000,0x00000000ed400000)
  to   space 5120K, 0% used [0x00000000eca00000,0x00000000eca00000,0x00000000ecf00000)
 ParOldGen       total 84992K, used 0K [0x00000000c0000000, 0x00000000c5300000, 0x00000000eab00000)
  object space 84992K, 0% used [0x00000000c0000000,0x00000000c0000000,0x00000000c5300000)
 Metaspace       used 5789K, capacity 6832K, committed 7040K, reserved 1056768K
  class space    used 576K, capacity 616K, committed 640K, reserved 1048576K
Event: 1.451 GC heap after
Heap after GC invocations=1 (full 0):
 PSYoungGen      total 36864K, used 5109K [0x00000000eab00000, 0x00000000ef300000, 0x0000000100000000)
  eden space 31744K, 0% used [0x00000000eab00000,0x00000000eab00000,0x00000000eca00000)
  from space 5120K, 99% used [0x00000000eca00000,0x00000000ecefd798,0x00000000ecf00000)
  to   space 5120K, 0% used [0x00000000eee00000,0x00000000eee00000,0x00000000ef300000)
 ParOldGen       total 84992K, used 953K [0x00000000c0000000, 0x00000000c5300000, 0x00000000eab00000)
  object space 84992K, 1% used [0x00000000c0000000,0x00000000c00ee758,0x00000000c5300000)
 Metaspace       used 5789K, capacity 6832K, committed 7040K, reserved 1056768K
  class space    used 576K, capacity 616K, committed 640K, reserved 1048576K
}
Event: 1.984 GC heap before
{Heap before GC invocations=2 (full 0):
 PSYoungGen      total 36864K, used 36853K [0x00000000eab00000, 0x00000000ef300000, 0x0000000100000000)
  eden space 31744K, 100% used [0x00000000eab00000,0x00000000eca00000,0x00000000eca00000)
  from space 5120K, 99% used [0x00000000eca00000,0x00000000ecefd798,0x00000000ecf00000)
  to   space 5120K, 0% used [0x00000000eee00000,0x00000000eee00000,0x00000000ef300000)
 ParOldGen       total 84992K, used 953K [0x00000000c0000000, 0x00000000c5300000, 0x00000000eab00000)
  object space 84992K, 1% used [0x00000000c0000000,0x00000000c00ee758,0x00000000c5300000)
 Metaspace       used 5947K, capacity 6960K, committed 7040K, reserved 1056768K
  class space    used 578K, capacity 616K, committed 640K, reserved 1048576K
Event: 2.240 GC heap after
Heap after GC invocations=2 (full 0):
 PSYoungGen      total 68608K, used 5113K [0x00000000eab00000, 0x00000000ef300000, 0x0000000100000000)
  eden space 63488K, 0% used [0x00000000eab00000,0x00000000eab00000,0x00000000ee900000)
  from space 5120K, 99% used [0x00000000eee00000,0x00000000ef2fe578,0x00000000ef300000)
  to   space 5120K, 0% used [0x00000000ee900000,0x00000000ee900000,0x00000000eee00000)
 ParOldGen       total 84992K, used 3653K [0x00000000c0000000, 0x00000000c5300000, 0x00000000eab00000)
  object space 84992K, 4% used [0x00000000c0000000,0x00000000c0391478,0x00000000c5300000)
 Metaspace       used 5947K, capacity 6960K, committed 7040K, reserved 1056768K
  class space    used 578K, capacity 616K, committed 640K, reserved 1048576K
}

Deoptimization events (10 events):
Event: 3.672 Thread 0x0000000056ef6800 Uncommon trap: reason=bimorphic action=maybe_recompile pc=0x0000000002ce4d70 method=java.util.HashMap.getNode(ILjava/lang/Object;)Ljava/util/HashMap$Node; @ 126
Event: 3.672 Thread 0x0000000056ef6800 Uncommon trap: reason=class_check action=maybe_recompile pc=0x0000000002cc6f74 method=java.util.HashMap.putVal(ILjava/lang/Object;Ljava/lang/Object;ZZ)Ljava/lang/Object; @ 203
Event: 3.672 Thread 0x0000000056ef6800 Uncommon trap: reason=bimorphic action=maybe_recompile pc=0x0000000002d92934 method=java.util.HashMap.getNode(ILjava/lang/Object;)Ljava/util/HashMap$Node; @ 126
Event: 3.672 Thread 0x0000000056ef6800 Uncommon trap: reason=bimorphic action=maybe_recompile pc=0x0000000002d92934 method=java.util.HashMap.getNode(ILjava/lang/Object;)Ljava/util/HashMap$Node; @ 126
Event: 3.672 Thread 0x0000000056ef6800 Uncommon trap: reason=class_check action=maybe_recompile pc=0x0000000002e26b78 method=java.util.HashMap.putVal(ILjava/lang/Object;Ljava/lang/Object;ZZ)Ljava/lang/Object; @ 203
Event: 3.673 Thread 0x0000000056ef6800 Uncommon trap: reason=bimorphic action=maybe_recompile pc=0x0000000002ce4d70 method=java.util.HashMap.getNode(ILjava/lang/Object;)Ljava/util/HashMap$Node; @ 126
Event: 3.891 Thread 0x0000000056e3b800 Uncommon trap: reason=unstable_if action=reinterpret pc=0x0000000002ea7c08 method=com.android.dx.ssa.SCCP.simulateBranch(Lcom/android/dx/ssa/SsaInsn;)V @ 64
Event: 3.896 Thread 0x0000000056e3b800 Uncommon trap: reason=unstable_if action=reinterpret pc=0x0000000002cdee4c method=com.android.dx.ssa.SsaMethod.updateOneDefinition(Lcom/android/dx/ssa/SsaInsn;Lcom/android/dx/rop/code/RegisterSpec;)V @ 4
Event: 3.940 Thread 0x0000000056e3b800 Uncommon trap: reason=unstable_if action=reinterpret pc=0x0000000002ee9ad4 method=com.android.dx.rop.code.RegisterSpecSet.put(Lcom/android/dx/rop/code/RegisterSpec;)V @ 77
Event: 4.670 Thread 0x0000000056ef9000 Uncommon trap: reason=null_check action=make_not_entrant pc=0x0000000002f2db4c method=com.android.dx.ssa.SsaRenamer.getLocalForNewReg(I)Lcom/android/dx/rop/code/LocalItem; @ 19

Internal exceptions (4 events):
Event: 0.149 Thread 0x000000000224e000 Exception <a 'java/lang/NoSuchMethodError': Method sun.misc.Unsafe.defineClass(Ljava/lang/String;[BII)Ljava/lang/Class; name or signature does not match> (0x00000000eab07c78) thrown at [C:\src\android\AOSP-openjdk\external\jetbrains\jdk\hotspot\src\share\v©ÒôÂD Ã?
Event: 0.149 Thread 0x000000000224e000 Exception <a 'java/lang/NoSuchMethodError': Method sun.misc.Unsafe.prefetchRead(Ljava/lang/Object;J)V name or signature does not match> (0x00000000eab07f60) thrown at [C:\src\android\AOSP-openjdk\external\jetbrains\jdk\hotspot\src\share\vm\prims\jni.cpp, l‹34·õ;ò?
Event: 1.140 Thread 0x0000000056e3b800 Implicit null exception at 0x0000000002c6fb52 to 0x0000000002c6fc51
Event: 4.669 Thread 0x0000000056ef9000 Implicit null exception at 0x0000000002f2b188 to 0x0000000002f2db01

Events (10 events):
Event: 4.670 Thread 0x0000000056ef9000 DEOPT PACKING pc=0x0000000002f2db4c sp=0x0000000057a0e930
Event: 4.670 Thread 0x0000000056ef9000 DEOPT UNPACKING pc=0x00000000029b556a sp=0x0000000057a0e6f0 mode 2
Event: 4.736 Thread 0x0000000056e36000 DEOPT PACKING pc=0x0000000002d96d80 sp=0x00000000574ded70
Event: 4.736 Thread 0x0000000056e36000 DEOPT UNPACKING pc=0x00000000029b71bf sp=0x00000000574deba0 mode 0
Event: 5.715 Thread 0x0000000056ef6800 DEOPT PACKING pc=0x0000000002d6b5d3 sp=0x000000005775ea70
Event: 5.715 Thread 0x0000000056ef6800 DEOPT UNPACKING pc=0x00000000029b71bf sp=0x000000005775e830 mode 0
Event: 5.724 Thread 0x0000000056e3b800 DEOPT PACKING pc=0x0000000002d1dd45 sp=0x000000005723eaa0
Event: 5.724 Thread 0x0000000056e3b800 DEOPT UNPACKING pc=0x00000000029b71bf sp=0x000000005723e840 mode 0
Event: 6.928 Thread 0x0000000056e36000 DEOPT PACKING pc=0x0000000002d77b70 sp=0x00000000574dee00
Event: 6.928 Thread 0x0000000056e36000 DEOPT UNPACKING pc=0x00000000029b71bf sp=0x00000000574debe0 mode 0


Dynamic libraries:
0x000000013f8e0000 - 0x000000013f911000 	C:\Program Files\Android\Android Studio\jre\bin\java.exe
0x00000000777c0000 - 0x000000007796b000 	C:\Windows\SYSTEM32\ntdll.dll
0x00000000775a0000 - 0x00000000776bf000 	C:\Windows\system32\kernel32.dll
0x000007fefda40000 - 0x000007fefdaab000 	C:\Windows\system32\KERNELBASE.dll
0x000007fefe2c0000 - 0x000007fefe39b000 	C:\Windows\system32\ADVAPI32.dll
0x000007feff720000 - 0x000007feff7bf000 	C:\Windows\system32\msvcrt.dll
0x000007fefe970000 - 0x000007fefe98f000 	C:\Windows\SYSTEM32\sechost.dll
0x000007fefe840000 - 0x000007fefe96e000 	C:\Windows\system32\RPCRT4.dll
0x00000000776c0000 - 0x00000000777ba000 	C:\Windows\system32\USER32.dll
0x000007fefdff0000 - 0x000007fefe057000 	C:\Windows\system32\GDI32.dll
0x000007fefe060000 - 0x000007fefe06e000 	C:\Windows\system32\LPK.dll
0x000007fefe3a0000 - 0x000007fefe46a000 	C:\Windows\system32\USP10.dll
0x000007fefc120000 - 0x000007fefc314000 	C:\Windows\WinSxS\amd64_microsoft.windows.common-controls_6595b64144ccf1df_6.0.7600.16385_none_fa645303170382f6\COMCTL32.dll
0x000007fefe7c0000 - 0x000007fefe831000 	C:\Windows\system32\SHLWAPI.dll
0x000007fefe290000 - 0x000007fefe2be000 	C:\Windows\system32\IMM32.DLL
0x000007feff9c0000 - 0x000007feffac9000 	C:\Windows\system32\MSCTF.dll
0x0000000075260000 - 0x0000000075332000 	C:\Program Files\Android\Android Studio\jre\jre\bin\msvcr100.dll
0x0000000062e90000 - 0x00000000636cc000 	C:\Program Files\Android\Android Studio\jre\jre\bin\server\jvm.dll
0x000007fef5d40000 - 0x000007fef5d49000 	C:\Windows\system32\WSOCK32.dll
0x000007fefdb40000 - 0x000007fefdb8d000 	C:\Windows\system32\WS2_32.dll
0x000007fefe470000 - 0x000007fefe478000 	C:\Windows\system32\NSI.dll
0x000007fefb610000 - 0x000007fefb64b000 	C:\Windows\system32\WINMM.dll
0x000007fefc890000 - 0x000007fefc89c000 	C:\Windows\system32\VERSION.dll
0x0000000077990000 - 0x0000000077997000 	C:\Windows\system32\PSAPI.DLL
0x000007fef5d50000 - 0x000007fef5d5f000 	C:\Program Files\Android\Android Studio\jre\jre\bin\verify.dll
0x000007fef1930000 - 0x000007fef1959000 	C:\Program Files\Android\Android Studio\jre\jre\bin\java.dll
0x000007fef1990000 - 0x000007fef19a6000 	C:\Program Files\Android\Android Studio\jre\jre\bin\zip.dll
0x000007fefe990000 - 0x000007feff716000 	C:\Windows\system32\SHELL32.dll
0x000007fefe5b0000 - 0x000007fefe7b1000 	C:\Windows\system32\ole32.dll
0x000007fefd720000 - 0x000007fefd72f000 	C:\Windows\system32\profapi.dll
0x000007fef5aa0000 - 0x000007fef5bc5000 	C:\Windows\system32\dbghelp.dll

VM Arguments:
jvm_args: -Djava.awt.headless=true -Xmx1024M -Dfile.encoding=windows-1252 -Duser.country=US -Duser.language=en -Duser.variant 
java_command: com.android.dx.command.Main --dex --num-threads=4 --output D:\Komal\New Hafale\Workspace\Hafele\hafele\build\intermediates\pre-dexed\debug\com.android.support-support-v4-20.0.0_595b9eb2127436efdd5d1854558a85e7a5b1d6b2.jar D:\Komal\New Hafale\Workspace\Hafele\hafele\build\intermediates\exploded-aar\com.android.support\support-v4\20.0.0\jars\classes.jar
java_class_path (initial): C:\Users\komal\AppData\Local\Android\Sdk\build-tools\25.0.2\lib\dx.jar
Launcher Type: SUN_STANDARD

Environment Variables:
PATH=C:\Program Files (x86)\Intel\iCLS Client\;C:\Program Files\Intel\iCLS Client\;C:\Windows\system32;C:\Windows;C:\Windows\System32\Wbem;C:\Windows\System32\WindowsPowerShell\v1.0\;C:\Program Files (x86)\Intel\OpenCL SDK\2.0\bin\x86;C:\Program Files (x86)\Intel\OpenCL SDK\2.0\bin\x64;C:\Program Files\Intel\Intel(R) Management Engine Components\DAL;C:\Program Files\Intel\Intel(R) Management Engine Components\IPT;C:\Program Files (x86)\Intel\Intel(R) Management Engine Components\DAL;C:\Program Files (x86)\Intel\Intel(R) Management Engine Components\IPT;C:\Program Files\Git\cmd;C:\Program Files\Java\jdk1.8.0_121\bin;
USERNAME=komal
OS=Windows_NT
PROCESSOR_IDENTIFIER=Intel64 Family 6 Model 58 Stepping 9, GenuineIntel



---------------  S Y S T E M  ---------------

OS: Windows 7 , 64 bit Build 7600 (6.1.7600.16385)

CPU:total 4 (2 cores per cpu, 2 threads per core) family 6 model 58 stepping 9, cmov, cx8, fxsr, mmx, sse, sse2, sse3, ssse3, sse4.1, sse4.2, popcnt, clmul, erms, ht, tsc, tscinvbit, tscinv

Memory: 4k page, physical 8080048k(4934924k free), swap 16158200k(12015844k free)

vm_info: OpenJDK 64-Bit Server VM (25.112-b06) for windows-amd64 JRE (1.8.0_112-release-b06), built on Dec  8 2016 00:54:26 by "builder" with MS VC++ 10.0 (VS2010)

time: Tue May 02 10:27:48 2017
elapsed time: 7 seconds (0d 0h 0m 7s)

